2023-08-05 21:36:33,558 - /data/zqwang/Github-YATO/YATO-main/YATO-EXPERMENTS/bert_base_gelu_QQP.config_seed10042_A - INFO - Training model...
2023-08-05 21:39:46,307 - /data/zqwang/Github-YATO/YATO-main/YATO-EXPERMENTS/bert_base_gelu_QQP.config_seed10042_A - INFO -      Instance: 2000; Time: 12.74s; loss: 76.1473;
2023-08-05 21:39:58,135 - /data/zqwang/Github-YATO/YATO-main/YATO-EXPERMENTS/bert_base_gelu_QQP.config_seed10042_A - INFO -      Instance: 4000; Time: 11.83s; loss: 64.5954;
2023-08-05 21:40:09,577 - /data/zqwang/Github-YATO/YATO-main/YATO-EXPERMENTS/bert_base_gelu_QQP.config_seed10042_A - INFO -      Instance: 6000; Time: 11.44s; loss: 58.4178;
2023-08-05 21:40:22,555 - /data/zqwang/Github-YATO/YATO-main/YATO-EXPERMENTS/bert_base_gelu_QQP.config_seed10042_A - INFO -      Instance: 8000; Time: 12.98s; loss: 55.2582;
2023-08-05 21:40:34,605 - /data/zqwang/Github-YATO/YATO-main/YATO-EXPERMENTS/bert_base_gelu_QQP.config_seed10042_A - INFO -      Instance: 10000; Time: 12.05s; loss: 55.1497;
2023-08-05 21:40:47,274 - /data/zqwang/Github-YATO/YATO-main/YATO-EXPERMENTS/bert_base_gelu_QQP.config_seed10042_A - INFO -      Instance: 12000; Time: 12.67s; loss: 53.6042;
2023-08-05 21:40:59,531 - /data/zqwang/Github-YATO/YATO-main/YATO-EXPERMENTS/bert_base_gelu_QQP.config_seed10042_A - INFO -      Instance: 14000; Time: 12.26s; loss: 51.8583;
2023-08-05 21:41:12,357 - /data/zqwang/Github-YATO/YATO-main/YATO-EXPERMENTS/bert_base_gelu_QQP.config_seed10042_A - INFO -      Instance: 16000; Time: 12.83s; loss: 52.5260;
2023-08-05 21:41:23,762 - /data/zqwang/Github-YATO/YATO-main/YATO-EXPERMENTS/bert_base_gelu_QQP.config_seed10042_A - INFO -      Instance: 18000; Time: 11.41s; loss: 49.1237;
2023-08-05 21:41:36,362 - /data/zqwang/Github-YATO/YATO-main/YATO-EXPERMENTS/bert_base_gelu_QQP.config_seed10042_A - INFO -      Instance: 20000; Time: 12.60s; loss: 51.7436;
2023-08-05 21:41:48,481 - /data/zqwang/Github-YATO/YATO-main/YATO-EXPERMENTS/bert_base_gelu_QQP.config_seed10042_A - INFO -      Instance: 22000; Time: 12.12s; loss: 50.0091;
2023-08-05 21:42:01,512 - /data/zqwang/Github-YATO/YATO-main/YATO-EXPERMENTS/bert_base_gelu_QQP.config_seed10042_A - INFO -      Instance: 24000; Time: 13.03s; loss: 49.2586;
2023-08-05 21:42:13,472 - /data/zqwang/Github-YATO/YATO-main/YATO-EXPERMENTS/bert_base_gelu_QQP.config_seed10042_A - INFO -      Instance: 26000; Time: 11.96s; loss: 52.8129;
2023-08-05 21:42:28,015 - /data/zqwang/Github-YATO/YATO-main/YATO-EXPERMENTS/bert_base_gelu_QQP.config_seed10042_A - INFO -      Instance: 28000; Time: 14.54s; loss: 49.3470;
2023-08-05 21:42:40,921 - /data/zqwang/Github-YATO/YATO-main/YATO-EXPERMENTS/bert_base_gelu_QQP.config_seed10042_A - INFO -      Instance: 30000; Time: 12.91s; loss: 44.5846;
2023-08-05 21:42:53,565 - /data/zqwang/Github-YATO/YATO-main/YATO-EXPERMENTS/bert_base_gelu_QQP.config_seed10042_A - INFO -      Instance: 32000; Time: 12.64s; loss: 44.5560;
2023-08-05 21:43:05,559 - /data/zqwang/Github-YATO/YATO-main/YATO-EXPERMENTS/bert_base_gelu_QQP.config_seed10042_A - INFO -      Instance: 34000; Time: 11.99s; loss: 47.3980;
2023-08-05 21:43:19,132 - /data/zqwang/Github-YATO/YATO-main/YATO-EXPERMENTS/bert_base_gelu_QQP.config_seed10042_A - INFO -      Instance: 36000; Time: 13.57s; loss: 46.4265;
2023-08-05 21:43:31,407 - /data/zqwang/Github-YATO/YATO-main/YATO-EXPERMENTS/bert_base_gelu_QQP.config_seed10042_A - INFO -      Instance: 38000; Time: 12.28s; loss: 46.5251;
2023-08-05 21:43:45,312 - /data/zqwang/Github-YATO/YATO-main/YATO-EXPERMENTS/bert_base_gelu_QQP.config_seed10042_A - INFO -      Instance: 40000; Time: 13.91s; loss: 46.1159;
2023-08-05 21:43:57,475 - /data/zqwang/Github-YATO/YATO-main/YATO-EXPERMENTS/bert_base_gelu_QQP.config_seed10042_A - INFO -      Instance: 42000; Time: 12.16s; loss: 44.5307;
2023-08-05 21:44:10,121 - /data/zqwang/Github-YATO/YATO-main/YATO-EXPERMENTS/bert_base_gelu_QQP.config_seed10042_A - INFO -      Instance: 44000; Time: 12.65s; loss: 43.9961;
2023-08-05 21:44:24,268 - /data/zqwang/Github-YATO/YATO-main/YATO-EXPERMENTS/bert_base_gelu_QQP.config_seed10042_A - INFO -      Instance: 46000; Time: 14.15s; loss: 43.5780;
2023-08-05 21:44:36,046 - /data/zqwang/Github-YATO/YATO-main/YATO-EXPERMENTS/bert_base_gelu_QQP.config_seed10042_A - INFO -      Instance: 48000; Time: 11.78s; loss: 44.6601;
2023-08-05 21:44:47,342 - /data/zqwang/Github-YATO/YATO-main/YATO-EXPERMENTS/bert_base_gelu_QQP.config_seed10042_A - INFO -      Instance: 50000; Time: 11.30s; loss: 44.1814;
2023-08-05 21:44:59,234 - /data/zqwang/Github-YATO/YATO-main/YATO-EXPERMENTS/bert_base_gelu_QQP.config_seed10042_A - INFO -      Instance: 52000; Time: 11.89s; loss: 43.0247;
2023-08-05 21:45:10,763 - /data/zqwang/Github-YATO/YATO-main/YATO-EXPERMENTS/bert_base_gelu_QQP.config_seed10042_A - INFO -      Instance: 54000; Time: 11.53s; loss: 39.7310;
2023-08-05 21:45:23,218 - /data/zqwang/Github-YATO/YATO-main/YATO-EXPERMENTS/bert_base_gelu_QQP.config_seed10042_A - INFO -      Instance: 56000; Time: 12.45s; loss: 44.0430;
2023-08-05 21:45:34,593 - /data/zqwang/Github-YATO/YATO-main/YATO-EXPERMENTS/bert_base_gelu_QQP.config_seed10042_A - INFO -      Instance: 58000; Time: 11.37s; loss: 44.1451;
2023-08-05 21:45:47,080 - /data/zqwang/Github-YATO/YATO-main/YATO-EXPERMENTS/bert_base_gelu_QQP.config_seed10042_A - INFO -      Instance: 60000; Time: 12.49s; loss: 45.0878;
2023-08-05 21:45:59,739 - /data/zqwang/Github-YATO/YATO-main/YATO-EXPERMENTS/bert_base_gelu_QQP.config_seed10042_A - INFO -      Instance: 62000; Time: 12.66s; loss: 42.7858;
2023-08-05 21:46:11,050 - /data/zqwang/Github-YATO/YATO-main/YATO-EXPERMENTS/bert_base_gelu_QQP.config_seed10042_A - INFO -      Instance: 64000; Time: 11.31s; loss: 42.3278;
2023-08-05 21:46:22,639 - /data/zqwang/Github-YATO/YATO-main/YATO-EXPERMENTS/bert_base_gelu_QQP.config_seed10042_A - INFO -      Instance: 66000; Time: 11.59s; loss: 41.9274;
2023-08-05 21:46:34,642 - /data/zqwang/Github-YATO/YATO-main/YATO-EXPERMENTS/bert_base_gelu_QQP.config_seed10042_A - INFO -      Instance: 68000; Time: 12.00s; loss: 44.1657;
2023-08-05 21:46:46,156 - /data/zqwang/Github-YATO/YATO-main/YATO-EXPERMENTS/bert_base_gelu_QQP.config_seed10042_A - INFO -      Instance: 70000; Time: 11.51s; loss: 42.3307;
2023-08-05 21:46:59,161 - /data/zqwang/Github-YATO/YATO-main/YATO-EXPERMENTS/bert_base_gelu_QQP.config_seed10042_A - INFO -      Instance: 72000; Time: 13.01s; loss: 41.6114;
2023-08-05 21:47:11,624 - /data/zqwang/Github-YATO/YATO-main/YATO-EXPERMENTS/bert_base_gelu_QQP.config_seed10042_A - INFO -      Instance: 74000; Time: 12.46s; loss: 39.3156;
2023-08-05 21:47:22,806 - /data/zqwang/Github-YATO/YATO-main/YATO-EXPERMENTS/bert_base_gelu_QQP.config_seed10042_A - INFO -      Instance: 76000; Time: 11.18s; loss: 39.1942;
2023-08-05 21:47:34,222 - /data/zqwang/Github-YATO/YATO-main/YATO-EXPERMENTS/bert_base_gelu_QQP.config_seed10042_A - INFO -      Instance: 78000; Time: 11.42s; loss: 40.7588;
2023-08-05 21:47:47,013 - /data/zqwang/Github-YATO/YATO-main/YATO-EXPERMENTS/bert_base_gelu_QQP.config_seed10042_A - INFO -      Instance: 80000; Time: 12.79s; loss: 39.1962;
2023-08-05 21:47:58,931 - /data/zqwang/Github-YATO/YATO-main/YATO-EXPERMENTS/bert_base_gelu_QQP.config_seed10042_A - INFO -      Instance: 82000; Time: 11.92s; loss: 41.3639;
2023-08-05 21:48:10,125 - /data/zqwang/Github-YATO/YATO-main/YATO-EXPERMENTS/bert_base_gelu_QQP.config_seed10042_A - INFO -      Instance: 84000; Time: 11.19s; loss: 39.9670;
2023-08-05 21:48:21,307 - /data/zqwang/Github-YATO/YATO-main/YATO-EXPERMENTS/bert_base_gelu_QQP.config_seed10042_A - INFO -      Instance: 86000; Time: 11.18s; loss: 42.1422;
2023-08-05 21:48:32,611 - /data/zqwang/Github-YATO/YATO-main/YATO-EXPERMENTS/bert_base_gelu_QQP.config_seed10042_A - INFO -      Instance: 88000; Time: 11.30s; loss: 39.6440;
2023-08-05 21:48:43,881 - /data/zqwang/Github-YATO/YATO-main/YATO-EXPERMENTS/bert_base_gelu_QQP.config_seed10042_A - INFO -      Instance: 90000; Time: 11.27s; loss: 41.8269;
2023-08-05 21:48:55,552 - /data/zqwang/Github-YATO/YATO-main/YATO-EXPERMENTS/bert_base_gelu_QQP.config_seed10042_A - INFO -      Instance: 92000; Time: 11.67s; loss: 40.6355;
2023-08-05 21:49:07,085 - /data/zqwang/Github-YATO/YATO-main/YATO-EXPERMENTS/bert_base_gelu_QQP.config_seed10042_A - INFO -      Instance: 94000; Time: 11.53s; loss: 38.8368;
2023-08-05 21:49:18,780 - /data/zqwang/Github-YATO/YATO-main/YATO-EXPERMENTS/bert_base_gelu_QQP.config_seed10042_A - INFO -      Instance: 96000; Time: 11.69s; loss: 40.2218;
2023-08-05 21:49:31,224 - /data/zqwang/Github-YATO/YATO-main/YATO-EXPERMENTS/bert_base_gelu_QQP.config_seed10042_A - INFO -      Instance: 98000; Time: 12.44s; loss: 40.6801;
2023-08-05 21:49:44,439 - /data/zqwang/Github-YATO/YATO-main/YATO-EXPERMENTS/bert_base_gelu_QQP.config_seed10042_A - INFO -      Instance: 100000; Time: 13.21s; loss: 42.1874;
2023-08-05 21:49:58,448 - /data/zqwang/Github-YATO/YATO-main/YATO-EXPERMENTS/bert_base_gelu_QQP.config_seed10042_A - INFO -      Instance: 102000; Time: 14.01s; loss: 42.0765;
2023-08-05 21:50:11,411 - /data/zqwang/Github-YATO/YATO-main/YATO-EXPERMENTS/bert_base_gelu_QQP.config_seed10042_A - INFO -      Instance: 104000; Time: 12.96s; loss: 40.9893;
2023-08-05 21:50:22,666 - /data/zqwang/Github-YATO/YATO-main/YATO-EXPERMENTS/bert_base_gelu_QQP.config_seed10042_A - INFO -      Instance: 106000; Time: 11.26s; loss: 38.5657;
2023-08-05 21:50:34,587 - /data/zqwang/Github-YATO/YATO-main/YATO-EXPERMENTS/bert_base_gelu_QQP.config_seed10042_A - INFO -      Instance: 108000; Time: 11.92s; loss: 39.7365;
2023-08-05 21:50:46,129 - /data/zqwang/Github-YATO/YATO-main/YATO-EXPERMENTS/bert_base_gelu_QQP.config_seed10042_A - INFO -      Instance: 110000; Time: 11.54s; loss: 38.8807;
2023-08-05 21:50:58,291 - /data/zqwang/Github-YATO/YATO-main/YATO-EXPERMENTS/bert_base_gelu_QQP.config_seed10042_A - INFO -      Instance: 112000; Time: 12.16s; loss: 39.9451;
2023-08-05 21:51:10,425 - /data/zqwang/Github-YATO/YATO-main/YATO-EXPERMENTS/bert_base_gelu_QQP.config_seed10042_A - INFO -      Instance: 114000; Time: 12.13s; loss: 43.0188;
2023-08-05 21:51:22,001 - /data/zqwang/Github-YATO/YATO-main/YATO-EXPERMENTS/bert_base_gelu_QQP.config_seed10042_A - INFO -      Instance: 116000; Time: 11.58s; loss: 38.4300;
2023-08-05 21:51:33,713 - /data/zqwang/Github-YATO/YATO-main/YATO-EXPERMENTS/bert_base_gelu_QQP.config_seed10042_A - INFO -      Instance: 118000; Time: 11.71s; loss: 37.9940;
2023-08-05 21:51:45,259 - /data/zqwang/Github-YATO/YATO-main/YATO-EXPERMENTS/bert_base_gelu_QQP.config_seed10042_A - INFO -      Instance: 120000; Time: 11.55s; loss: 39.9133;
2023-08-05 21:51:57,079 - /data/zqwang/Github-YATO/YATO-main/YATO-EXPERMENTS/bert_base_gelu_QQP.config_seed10042_A - INFO -      Instance: 122000; Time: 11.82s; loss: 35.3819;
2023-08-05 21:52:09,965 - /data/zqwang/Github-YATO/YATO-main/YATO-EXPERMENTS/bert_base_gelu_QQP.config_seed10042_A - INFO -      Instance: 124000; Time: 12.89s; loss: 42.0796;
2023-08-05 21:52:24,448 - /data/zqwang/Github-YATO/YATO-main/YATO-EXPERMENTS/bert_base_gelu_QQP.config_seed10042_A - INFO -      Instance: 126000; Time: 14.48s; loss: 36.1281;
2023-08-05 21:52:36,946 - /data/zqwang/Github-YATO/YATO-main/YATO-EXPERMENTS/bert_base_gelu_QQP.config_seed10042_A - INFO -      Instance: 128000; Time: 12.50s; loss: 40.4411;
2023-08-05 21:52:48,947 - /data/zqwang/Github-YATO/YATO-main/YATO-EXPERMENTS/bert_base_gelu_QQP.config_seed10042_A - INFO -      Instance: 130000; Time: 12.00s; loss: 34.6852;
2023-08-05 21:53:01,476 - /data/zqwang/Github-YATO/YATO-main/YATO-EXPERMENTS/bert_base_gelu_QQP.config_seed10042_A - INFO -      Instance: 132000; Time: 12.53s; loss: 36.7087;
2023-08-05 21:53:14,088 - /data/zqwang/Github-YATO/YATO-main/YATO-EXPERMENTS/bert_base_gelu_QQP.config_seed10042_A - INFO -      Instance: 134000; Time: 12.61s; loss: 38.3553;
2023-08-05 21:53:27,670 - /data/zqwang/Github-YATO/YATO-main/YATO-EXPERMENTS/bert_base_gelu_QQP.config_seed10042_A - INFO -      Instance: 136000; Time: 13.58s; loss: 38.2931;
2023-08-05 21:53:39,138 - /data/zqwang/Github-YATO/YATO-main/YATO-EXPERMENTS/bert_base_gelu_QQP.config_seed10042_A - INFO -      Instance: 138000; Time: 11.47s; loss: 38.3411;
2023-08-05 21:53:52,090 - /data/zqwang/Github-YATO/YATO-main/YATO-EXPERMENTS/bert_base_gelu_QQP.config_seed10042_A - INFO -      Instance: 140000; Time: 12.95s; loss: 39.6708;
2023-08-05 21:54:04,468 - /data/zqwang/Github-YATO/YATO-main/YATO-EXPERMENTS/bert_base_gelu_QQP.config_seed10042_A - INFO -      Instance: 142000; Time: 12.38s; loss: 34.9587;
2023-08-05 21:54:16,510 - /data/zqwang/Github-YATO/YATO-main/YATO-EXPERMENTS/bert_base_gelu_QQP.config_seed10042_A - INFO -      Instance: 144000; Time: 12.04s; loss: 39.4673;
2023-08-05 21:54:27,967 - /data/zqwang/Github-YATO/YATO-main/YATO-EXPERMENTS/bert_base_gelu_QQP.config_seed10042_A - INFO -      Instance: 146000; Time: 11.46s; loss: 37.3626;
2023-08-05 21:54:40,701 - /data/zqwang/Github-YATO/YATO-main/YATO-EXPERMENTS/bert_base_gelu_QQP.config_seed10042_A - INFO -      Instance: 148000; Time: 12.73s; loss: 39.9344;
2023-08-05 21:54:52,738 - /data/zqwang/Github-YATO/YATO-main/YATO-EXPERMENTS/bert_base_gelu_QQP.config_seed10042_A - INFO -      Instance: 150000; Time: 12.04s; loss: 39.9406;
2023-08-05 21:55:06,243 - /data/zqwang/Github-YATO/YATO-main/YATO-EXPERMENTS/bert_base_gelu_QQP.config_seed10042_A - INFO -      Instance: 152000; Time: 13.50s; loss: 36.7331;
2023-08-05 21:55:17,633 - /data/zqwang/Github-YATO/YATO-main/YATO-EXPERMENTS/bert_base_gelu_QQP.config_seed10042_A - INFO -      Instance: 154000; Time: 11.39s; loss: 35.4389;
2023-08-05 21:55:32,353 - /data/zqwang/Github-YATO/YATO-main/YATO-EXPERMENTS/bert_base_gelu_QQP.config_seed10042_A - INFO -      Instance: 156000; Time: 14.72s; loss: 38.2261;
2023-08-05 21:55:45,515 - /data/zqwang/Github-YATO/YATO-main/YATO-EXPERMENTS/bert_base_gelu_QQP.config_seed10042_A - INFO -      Instance: 158000; Time: 13.16s; loss: 38.2347;
2023-08-05 21:55:58,596 - /data/zqwang/Github-YATO/YATO-main/YATO-EXPERMENTS/bert_base_gelu_QQP.config_seed10042_A - INFO -      Instance: 160000; Time: 13.08s; loss: 37.1428;
2023-08-05 21:56:10,694 - /data/zqwang/Github-YATO/YATO-main/YATO-EXPERMENTS/bert_base_gelu_QQP.config_seed10042_A - INFO -      Instance: 162000; Time: 12.10s; loss: 37.9777;
2023-08-05 21:56:25,679 - /data/zqwang/Github-YATO/YATO-main/YATO-EXPERMENTS/bert_base_gelu_QQP.config_seed10042_A - INFO -      Instance: 164000; Time: 14.98s; loss: 37.9607;
2023-08-05 21:56:38,485 - /data/zqwang/Github-YATO/YATO-main/YATO-EXPERMENTS/bert_base_gelu_QQP.config_seed10042_A - INFO -      Instance: 166000; Time: 12.81s; loss: 39.3740;
2023-08-05 21:56:49,763 - /data/zqwang/Github-YATO/YATO-main/YATO-EXPERMENTS/bert_base_gelu_QQP.config_seed10042_A - INFO -      Instance: 168000; Time: 11.28s; loss: 35.9268;
2023-08-05 21:57:00,978 - /data/zqwang/Github-YATO/YATO-main/YATO-EXPERMENTS/bert_base_gelu_QQP.config_seed10042_A - INFO -      Instance: 170000; Time: 11.21s; loss: 36.3795;
2023-08-05 21:57:12,127 - /data/zqwang/Github-YATO/YATO-main/YATO-EXPERMENTS/bert_base_gelu_QQP.config_seed10042_A - INFO -      Instance: 172000; Time: 11.15s; loss: 36.9065;
2023-08-05 21:57:24,803 - /data/zqwang/Github-YATO/YATO-main/YATO-EXPERMENTS/bert_base_gelu_QQP.config_seed10042_A - INFO -      Instance: 174000; Time: 12.68s; loss: 33.6582;
2023-08-05 21:57:37,129 - /data/zqwang/Github-YATO/YATO-main/YATO-EXPERMENTS/bert_base_gelu_QQP.config_seed10042_A - INFO -      Instance: 176000; Time: 12.33s; loss: 36.2772;
2023-08-05 21:57:48,547 - /data/zqwang/Github-YATO/YATO-main/YATO-EXPERMENTS/bert_base_gelu_QQP.config_seed10042_A - INFO -      Instance: 178000; Time: 11.42s; loss: 36.6176;
2023-08-05 21:57:59,763 - /data/zqwang/Github-YATO/YATO-main/YATO-EXPERMENTS/bert_base_gelu_QQP.config_seed10042_A - INFO -      Instance: 180000; Time: 11.22s; loss: 36.6014;
2023-08-05 21:58:10,992 - /data/zqwang/Github-YATO/YATO-main/YATO-EXPERMENTS/bert_base_gelu_QQP.config_seed10042_A - INFO -      Instance: 182000; Time: 11.23s; loss: 34.1394;
2023-08-05 21:58:22,397 - /data/zqwang/Github-YATO/YATO-main/YATO-EXPERMENTS/bert_base_gelu_QQP.config_seed10042_A - INFO -      Instance: 184000; Time: 11.40s; loss: 35.8938;
2023-08-05 21:58:33,867 - /data/zqwang/Github-YATO/YATO-main/YATO-EXPERMENTS/bert_base_gelu_QQP.config_seed10042_A - INFO -      Instance: 186000; Time: 11.47s; loss: 36.6295;
2023-08-05 21:58:45,215 - /data/zqwang/Github-YATO/YATO-main/YATO-EXPERMENTS/bert_base_gelu_QQP.config_seed10042_A - INFO -      Instance: 188000; Time: 11.35s; loss: 36.3699;
2023-08-05 21:58:56,520 - /data/zqwang/Github-YATO/YATO-main/YATO-EXPERMENTS/bert_base_gelu_QQP.config_seed10042_A - INFO -      Instance: 190000; Time: 11.30s; loss: 38.1085;
2023-08-05 21:59:08,037 - /data/zqwang/Github-YATO/YATO-main/YATO-EXPERMENTS/bert_base_gelu_QQP.config_seed10042_A - INFO -      Instance: 192000; Time: 11.52s; loss: 36.2591;
2023-08-05 21:59:19,980 - /data/zqwang/Github-YATO/YATO-main/YATO-EXPERMENTS/bert_base_gelu_QQP.config_seed10042_A - INFO -      Instance: 194000; Time: 11.94s; loss: 36.4354;
2023-08-05 21:59:31,809 - /data/zqwang/Github-YATO/YATO-main/YATO-EXPERMENTS/bert_base_gelu_QQP.config_seed10042_A - INFO -      Instance: 196000; Time: 11.83s; loss: 36.9872;
2023-08-05 21:59:43,693 - /data/zqwang/Github-YATO/YATO-main/YATO-EXPERMENTS/bert_base_gelu_QQP.config_seed10042_A - INFO -      Instance: 198000; Time: 11.88s; loss: 37.2944;
2023-08-05 21:59:54,940 - /data/zqwang/Github-YATO/YATO-main/YATO-EXPERMENTS/bert_base_gelu_QQP.config_seed10042_A - INFO -      Instance: 200000; Time: 11.25s; loss: 35.6478;
2023-08-05 22:00:06,767 - /data/zqwang/Github-YATO/YATO-main/YATO-EXPERMENTS/bert_base_gelu_QQP.config_seed10042_A - INFO -      Instance: 202000; Time: 11.83s; loss: 36.1969;
2023-08-05 22:00:18,708 - /data/zqwang/Github-YATO/YATO-main/YATO-EXPERMENTS/bert_base_gelu_QQP.config_seed10042_A - INFO -      Instance: 204000; Time: 11.94s; loss: 31.7075;
2023-08-05 22:00:30,424 - /data/zqwang/Github-YATO/YATO-main/YATO-EXPERMENTS/bert_base_gelu_QQP.config_seed10042_A - INFO -      Instance: 206000; Time: 11.72s; loss: 37.3425;
2023-08-05 22:00:42,091 - /data/zqwang/Github-YATO/YATO-main/YATO-EXPERMENTS/bert_base_gelu_QQP.config_seed10042_A - INFO -      Instance: 208000; Time: 11.67s; loss: 33.4667;
2023-08-05 22:00:54,348 - /data/zqwang/Github-YATO/YATO-main/YATO-EXPERMENTS/bert_base_gelu_QQP.config_seed10042_A - INFO -      Instance: 210000; Time: 12.26s; loss: 34.3680;
2023-08-05 22:01:06,371 - /data/zqwang/Github-YATO/YATO-main/YATO-EXPERMENTS/bert_base_gelu_QQP.config_seed10042_A - INFO -      Instance: 212000; Time: 12.02s; loss: 33.2525;
2023-08-05 22:01:18,503 - /data/zqwang/Github-YATO/YATO-main/YATO-EXPERMENTS/bert_base_gelu_QQP.config_seed10042_A - INFO -      Instance: 214000; Time: 12.13s; loss: 34.2434;
2023-08-05 22:01:30,172 - /data/zqwang/Github-YATO/YATO-main/YATO-EXPERMENTS/bert_base_gelu_QQP.config_seed10042_A - INFO -      Instance: 216000; Time: 11.67s; loss: 34.9413;
2023-08-05 22:01:41,477 - /data/zqwang/Github-YATO/YATO-main/YATO-EXPERMENTS/bert_base_gelu_QQP.config_seed10042_A - INFO -      Instance: 218000; Time: 11.30s; loss: 35.3164;
2023-08-05 22:01:52,739 - /data/zqwang/Github-YATO/YATO-main/YATO-EXPERMENTS/bert_base_gelu_QQP.config_seed10042_A - INFO -      Instance: 220000; Time: 11.26s; loss: 32.1402;
2023-08-05 22:02:04,045 - /data/zqwang/Github-YATO/YATO-main/YATO-EXPERMENTS/bert_base_gelu_QQP.config_seed10042_A - INFO -      Instance: 222000; Time: 11.31s; loss: 31.2094;
2023-08-05 22:02:15,160 - /data/zqwang/Github-YATO/YATO-main/YATO-EXPERMENTS/bert_base_gelu_QQP.config_seed10042_A - INFO -      Instance: 224000; Time: 11.12s; loss: 33.6839;
2023-08-05 22:02:26,394 - /data/zqwang/Github-YATO/YATO-main/YATO-EXPERMENTS/bert_base_gelu_QQP.config_seed10042_A - INFO -      Instance: 226000; Time: 11.23s; loss: 35.7891;
2023-08-05 22:02:39,591 - /data/zqwang/Github-YATO/YATO-main/YATO-EXPERMENTS/bert_base_gelu_QQP.config_seed10042_A - INFO -      Instance: 228000; Time: 13.20s; loss: 31.6452;
2023-08-05 22:02:50,877 - /data/zqwang/Github-YATO/YATO-main/YATO-EXPERMENTS/bert_base_gelu_QQP.config_seed10042_A - INFO -      Instance: 230000; Time: 11.29s; loss: 35.7715;
2023-08-05 22:03:02,366 - /data/zqwang/Github-YATO/YATO-main/YATO-EXPERMENTS/bert_base_gelu_QQP.config_seed10042_A - INFO -      Instance: 232000; Time: 11.49s; loss: 33.2973;
2023-08-05 22:03:14,984 - /data/zqwang/Github-YATO/YATO-main/YATO-EXPERMENTS/bert_base_gelu_QQP.config_seed10042_A - INFO -      Instance: 234000; Time: 12.62s; loss: 35.7130;
2023-08-05 22:03:26,631 - /data/zqwang/Github-YATO/YATO-main/YATO-EXPERMENTS/bert_base_gelu_QQP.config_seed10042_A - INFO -      Instance: 236000; Time: 11.65s; loss: 33.5670;
2023-08-05 22:03:38,829 - /data/zqwang/Github-YATO/YATO-main/YATO-EXPERMENTS/bert_base_gelu_QQP.config_seed10042_A - INFO -      Instance: 238000; Time: 12.20s; loss: 37.8813;
2023-08-05 22:03:52,184 - /data/zqwang/Github-YATO/YATO-main/YATO-EXPERMENTS/bert_base_gelu_QQP.config_seed10042_A - INFO -      Instance: 240000; Time: 13.35s; loss: 34.0138;
2023-08-05 22:04:05,587 - /data/zqwang/Github-YATO/YATO-main/YATO-EXPERMENTS/bert_base_gelu_QQP.config_seed10042_A - INFO -      Instance: 242000; Time: 13.40s; loss: 35.4429;
2023-08-05 22:04:16,738 - /data/zqwang/Github-YATO/YATO-main/YATO-EXPERMENTS/bert_base_gelu_QQP.config_seed10042_A - INFO -      Instance: 244000; Time: 11.15s; loss: 32.9844;
2023-08-05 22:04:28,550 - /data/zqwang/Github-YATO/YATO-main/YATO-EXPERMENTS/bert_base_gelu_QQP.config_seed10042_A - INFO -      Instance: 246000; Time: 11.81s; loss: 36.0797;
2023-08-05 22:04:40,407 - /data/zqwang/Github-YATO/YATO-main/YATO-EXPERMENTS/bert_base_gelu_QQP.config_seed10042_A - INFO -      Instance: 248000; Time: 11.86s; loss: 32.6678;
2023-08-05 22:04:53,562 - /data/zqwang/Github-YATO/YATO-main/YATO-EXPERMENTS/bert_base_gelu_QQP.config_seed10042_A - INFO -      Instance: 250000; Time: 13.16s; loss: 33.6577;
2023-08-05 22:05:06,034 - /data/zqwang/Github-YATO/YATO-main/YATO-EXPERMENTS/bert_base_gelu_QQP.config_seed10042_A - INFO -      Instance: 252000; Time: 12.47s; loss: 34.5824;
2023-08-05 22:05:18,516 - /data/zqwang/Github-YATO/YATO-main/YATO-EXPERMENTS/bert_base_gelu_QQP.config_seed10042_A - INFO -      Instance: 254000; Time: 12.48s; loss: 35.9434;
2023-08-05 22:05:30,303 - /data/zqwang/Github-YATO/YATO-main/YATO-EXPERMENTS/bert_base_gelu_QQP.config_seed10042_A - INFO -      Instance: 256000; Time: 11.79s; loss: 33.3754;
2023-08-05 22:05:43,459 - /data/zqwang/Github-YATO/YATO-main/YATO-EXPERMENTS/bert_base_gelu_QQP.config_seed10042_A - INFO -      Instance: 258000; Time: 13.16s; loss: 34.1406;
2023-08-05 22:05:56,097 - /data/zqwang/Github-YATO/YATO-main/YATO-EXPERMENTS/bert_base_gelu_QQP.config_seed10042_A - INFO -      Instance: 260000; Time: 12.64s; loss: 34.6837;
2023-08-05 22:06:09,114 - /data/zqwang/Github-YATO/YATO-main/YATO-EXPERMENTS/bert_base_gelu_QQP.config_seed10042_A - INFO -      Instance: 262000; Time: 13.02s; loss: 32.3397;
2023-08-05 22:06:21,296 - /data/zqwang/Github-YATO/YATO-main/YATO-EXPERMENTS/bert_base_gelu_QQP.config_seed10042_A - INFO -      Instance: 264000; Time: 12.18s; loss: 36.2481;
2023-08-05 22:06:32,441 - /data/zqwang/Github-YATO/YATO-main/YATO-EXPERMENTS/bert_base_gelu_QQP.config_seed10042_A - INFO -      Instance: 266000; Time: 11.15s; loss: 34.1245;
2023-08-05 22:06:44,769 - /data/zqwang/Github-YATO/YATO-main/YATO-EXPERMENTS/bert_base_gelu_QQP.config_seed10042_A - INFO -      Instance: 268000; Time: 12.33s; loss: 34.7050;
2023-08-05 22:06:56,427 - /data/zqwang/Github-YATO/YATO-main/YATO-EXPERMENTS/bert_base_gelu_QQP.config_seed10042_A - INFO -      Instance: 270000; Time: 11.66s; loss: 35.7028;
2023-08-05 22:07:08,188 - /data/zqwang/Github-YATO/YATO-main/YATO-EXPERMENTS/bert_base_gelu_QQP.config_seed10042_A - INFO -      Instance: 272000; Time: 11.76s; loss: 33.6618;
2023-08-05 22:07:19,986 - /data/zqwang/Github-YATO/YATO-main/YATO-EXPERMENTS/bert_base_gelu_QQP.config_seed10042_A - INFO -      Instance: 274000; Time: 11.80s; loss: 35.2116;
2023-08-05 22:07:31,714 - /data/zqwang/Github-YATO/YATO-main/YATO-EXPERMENTS/bert_base_gelu_QQP.config_seed10042_A - INFO -      Instance: 276000; Time: 11.73s; loss: 33.6669;
2023-08-05 22:07:42,977 - /data/zqwang/Github-YATO/YATO-main/YATO-EXPERMENTS/bert_base_gelu_QQP.config_seed10042_A - INFO -      Instance: 278000; Time: 11.26s; loss: 30.7102;
2023-08-05 22:07:54,228 - /data/zqwang/Github-YATO/YATO-main/YATO-EXPERMENTS/bert_base_gelu_QQP.config_seed10042_A - INFO -      Instance: 280000; Time: 11.25s; loss: 33.2279;
2023-08-05 22:08:08,135 - /data/zqwang/Github-YATO/YATO-main/YATO-EXPERMENTS/bert_base_gelu_QQP.config_seed10042_A - INFO -      Instance: 282000; Time: 13.91s; loss: 34.0000;
2023-08-05 22:08:20,130 - /data/zqwang/Github-YATO/YATO-main/YATO-EXPERMENTS/bert_base_gelu_QQP.config_seed10042_A - INFO -      Instance: 284000; Time: 12.00s; loss: 34.0392;
2023-08-05 22:08:31,850 - /data/zqwang/Github-YATO/YATO-main/YATO-EXPERMENTS/bert_base_gelu_QQP.config_seed10042_A - INFO -      Instance: 286000; Time: 11.72s; loss: 34.2726;
2023-08-05 22:08:43,521 - /data/zqwang/Github-YATO/YATO-main/YATO-EXPERMENTS/bert_base_gelu_QQP.config_seed10042_A - INFO -      Instance: 288000; Time: 11.67s; loss: 35.5385;
2023-08-05 22:08:55,173 - /data/zqwang/Github-YATO/YATO-main/YATO-EXPERMENTS/bert_base_gelu_QQP.config_seed10042_A - INFO -      Instance: 290000; Time: 11.65s; loss: 32.7738;
2023-08-05 22:09:06,667 - /data/zqwang/Github-YATO/YATO-main/YATO-EXPERMENTS/bert_base_gelu_QQP.config_seed10042_A - INFO -      Instance: 292000; Time: 11.49s; loss: 32.5532;
2023-08-05 22:09:19,659 - /data/zqwang/Github-YATO/YATO-main/YATO-EXPERMENTS/bert_base_gelu_QQP.config_seed10042_A - INFO -      Instance: 294000; Time: 12.99s; loss: 30.7236;
2023-08-05 22:09:32,952 - /data/zqwang/Github-YATO/YATO-main/YATO-EXPERMENTS/bert_base_gelu_QQP.config_seed10042_A - INFO -      Instance: 296000; Time: 13.29s; loss: 34.5784;
2023-08-05 22:09:46,740 - /data/zqwang/Github-YATO/YATO-main/YATO-EXPERMENTS/bert_base_gelu_QQP.config_seed10042_A - INFO -      Instance: 298000; Time: 13.79s; loss: 36.0801;
2023-08-05 22:09:58,470 - /data/zqwang/Github-YATO/YATO-main/YATO-EXPERMENTS/bert_base_gelu_QQP.config_seed10042_A - INFO -      Instance: 300000; Time: 11.73s; loss: 31.7847;
2023-08-05 22:10:10,730 - /data/zqwang/Github-YATO/YATO-main/YATO-EXPERMENTS/bert_base_gelu_QQP.config_seed10042_A - INFO -      Instance: 302000; Time: 12.26s; loss: 34.8014;
2023-08-05 22:10:23,473 - /data/zqwang/Github-YATO/YATO-main/YATO-EXPERMENTS/bert_base_gelu_QQP.config_seed10042_A - INFO -      Instance: 304000; Time: 12.74s; loss: 35.4530;
2023-08-05 22:10:36,422 - /data/zqwang/Github-YATO/YATO-main/YATO-EXPERMENTS/bert_base_gelu_QQP.config_seed10042_A - INFO -      Instance: 306000; Time: 12.95s; loss: 32.1967;
2023-08-05 22:10:49,207 - /data/zqwang/Github-YATO/YATO-main/YATO-EXPERMENTS/bert_base_gelu_QQP.config_seed10042_A - INFO -      Instance: 308000; Time: 12.79s; loss: 33.1193;
2023-08-05 22:11:03,973 - /data/zqwang/Github-YATO/YATO-main/YATO-EXPERMENTS/bert_base_gelu_QQP.config_seed10042_A - INFO -      Instance: 310000; Time: 14.77s; loss: 36.1056;
2023-08-05 22:11:16,534 - /data/zqwang/Github-YATO/YATO-main/YATO-EXPERMENTS/bert_base_gelu_QQP.config_seed10042_A - INFO -      Instance: 312000; Time: 12.56s; loss: 31.2143;
2023-08-05 22:11:28,576 - /data/zqwang/Github-YATO/YATO-main/YATO-EXPERMENTS/bert_base_gelu_QQP.config_seed10042_A - INFO -      Instance: 314000; Time: 12.04s; loss: 32.5063;
2023-08-05 22:11:40,581 - /data/zqwang/Github-YATO/YATO-main/YATO-EXPERMENTS/bert_base_gelu_QQP.config_seed10042_A - INFO -      Instance: 316000; Time: 12.01s; loss: 32.7782;
2023-08-05 22:11:52,182 - /data/zqwang/Github-YATO/YATO-main/YATO-EXPERMENTS/bert_base_gelu_QQP.config_seed10042_A - INFO -      Instance: 318000; Time: 11.60s; loss: 35.0600;
2023-08-05 22:12:03,924 - /data/zqwang/Github-YATO/YATO-main/YATO-EXPERMENTS/bert_base_gelu_QQP.config_seed10042_A - INFO -      Instance: 320000; Time: 11.74s; loss: 34.4780;
2023-08-05 22:12:16,585 - /data/zqwang/Github-YATO/YATO-main/YATO-EXPERMENTS/bert_base_gelu_QQP.config_seed10042_A - INFO -      Instance: 322000; Time: 12.66s; loss: 32.6105;
2023-08-05 22:12:29,028 - /data/zqwang/Github-YATO/YATO-main/YATO-EXPERMENTS/bert_base_gelu_QQP.config_seed10042_A - INFO -      Instance: 324000; Time: 12.44s; loss: 33.7164;
2023-08-05 22:12:41,229 - /data/zqwang/Github-YATO/YATO-main/YATO-EXPERMENTS/bert_base_gelu_QQP.config_seed10042_A - INFO -      Instance: 326000; Time: 12.20s; loss: 35.9551;
2023-08-05 22:12:53,707 - /data/zqwang/Github-YATO/YATO-main/YATO-EXPERMENTS/bert_base_gelu_QQP.config_seed10042_A - INFO -      Instance: 328000; Time: 12.48s; loss: 33.7704;
2023-08-05 22:13:05,993 - /data/zqwang/Github-YATO/YATO-main/YATO-EXPERMENTS/bert_base_gelu_QQP.config_seed10042_A - INFO -      Instance: 330000; Time: 12.29s; loss: 32.1450;
2023-08-05 22:13:18,150 - /data/zqwang/Github-YATO/YATO-main/YATO-EXPERMENTS/bert_base_gelu_QQP.config_seed10042_A - INFO -      Instance: 332000; Time: 12.16s; loss: 33.9582;
2023-08-05 22:13:31,429 - /data/zqwang/Github-YATO/YATO-main/YATO-EXPERMENTS/bert_base_gelu_QQP.config_seed10042_A - INFO -      Instance: 334000; Time: 13.28s; loss: 32.8456;
2023-08-05 22:13:44,179 - /data/zqwang/Github-YATO/YATO-main/YATO-EXPERMENTS/bert_base_gelu_QQP.config_seed10042_A - INFO -      Instance: 336000; Time: 12.75s; loss: 34.3458;
2023-08-05 22:13:56,120 - /data/zqwang/Github-YATO/YATO-main/YATO-EXPERMENTS/bert_base_gelu_QQP.config_seed10042_A - INFO -      Instance: 338000; Time: 11.94s; loss: 32.3981;
2023-08-05 22:14:07,449 - /data/zqwang/Github-YATO/YATO-main/YATO-EXPERMENTS/bert_base_gelu_QQP.config_seed10042_A - INFO -      Instance: 340000; Time: 11.33s; loss: 32.1323;
2023-08-05 22:14:19,411 - /data/zqwang/Github-YATO/YATO-main/YATO-EXPERMENTS/bert_base_gelu_QQP.config_seed10042_A - INFO -      Instance: 342000; Time: 11.96s; loss: 33.6192;
2023-08-05 22:14:31,593 - /data/zqwang/Github-YATO/YATO-main/YATO-EXPERMENTS/bert_base_gelu_QQP.config_seed10042_A - INFO -      Instance: 344000; Time: 12.18s; loss: 32.7725;
2023-08-05 22:14:43,406 - /data/zqwang/Github-YATO/YATO-main/YATO-EXPERMENTS/bert_base_gelu_QQP.config_seed10042_A - INFO -      Instance: 346000; Time: 11.81s; loss: 31.5800;
2023-08-05 22:14:56,346 - /data/zqwang/Github-YATO/YATO-main/YATO-EXPERMENTS/bert_base_gelu_QQP.config_seed10042_A - INFO -      Instance: 348000; Time: 12.94s; loss: 31.9228;
2023-08-05 22:15:09,266 - /data/zqwang/Github-YATO/YATO-main/YATO-EXPERMENTS/bert_base_gelu_QQP.config_seed10042_A - INFO -      Instance: 350000; Time: 12.92s; loss: 32.8148;
2023-08-05 22:15:21,329 - /data/zqwang/Github-YATO/YATO-main/YATO-EXPERMENTS/bert_base_gelu_QQP.config_seed10042_A - INFO -      Instance: 352000; Time: 12.06s; loss: 31.6328;
2023-08-05 22:15:33,433 - /data/zqwang/Github-YATO/YATO-main/YATO-EXPERMENTS/bert_base_gelu_QQP.config_seed10042_A - INFO -      Instance: 354000; Time: 12.10s; loss: 31.6569;
2023-08-05 22:15:47,060 - /data/zqwang/Github-YATO/YATO-main/YATO-EXPERMENTS/bert_base_gelu_QQP.config_seed10042_A - INFO -      Instance: 356000; Time: 13.63s; loss: 35.3988;
2023-08-05 22:15:59,281 - /data/zqwang/Github-YATO/YATO-main/YATO-EXPERMENTS/bert_base_gelu_QQP.config_seed10042_A - INFO -      Instance: 358000; Time: 12.22s; loss: 31.5155;
2023-08-05 22:16:11,008 - /data/zqwang/Github-YATO/YATO-main/YATO-EXPERMENTS/bert_base_gelu_QQP.config_seed10042_A - INFO -      Instance: 360000; Time: 11.73s; loss: 32.3495;
2023-08-05 22:16:23,011 - /data/zqwang/Github-YATO/YATO-main/YATO-EXPERMENTS/bert_base_gelu_QQP.config_seed10042_A - INFO -      Instance: 362000; Time: 12.00s; loss: 32.8870;
2023-08-05 22:18:51,270 - /data/zqwang/Github-YATO/YATO-main/YATO-EXPERMENTS/bert_base_gelu_QQP.config_seed10042_A - INFO - Dev: time: 137.15s speed: 295.21st/s; acc: 0.8948; f: 0.8564; mcc: 0.7734 
2023-08-05 22:21:11,644 - /data/zqwang/Github-YATO/YATO-main/YATO-EXPERMENTS/bert_base_gelu_QQP.config_seed10042_A - INFO - Save current best acc model in file:/data/zqwang/Github-YATO/YATO-main/YATO-EXPERMENTS/acc0.8948_p0.8609_r0.8519_f0.8564.pth
2023-08-05 22:21:12,516 - /data/zqwang/Github-YATO/YATO-main/YATO-EXPERMENTS/bert_base_gelu_QQP.config_seed10042_A - INFO - Save current best f model in file:/data/zqwang/Github-YATO/YATO-main/YATO-EXPERMENTS/acc0.8948_p0.8609_r0.8519_f0.8564.pth
2023-08-05 22:21:12,518 - /data/zqwang/Github-YATO/YATO-main/YATO-EXPERMENTS/bert_base_gelu_QQP.config_seed10042_A - INFO - Test: time: 140.37s, speed: 288.51st/s; acc: 0.8948, p: 0.8609, r: 0.8519, f: 0.8564, mcc: 0.7734 
2023-08-05 22:21:24,565 - /data/zqwang/Github-YATO/YATO-main/YATO-EXPERMENTS/bert_base_gelu_QQP.config_seed10042_A - INFO -      Instance: 2000; Time: 12.05s; loss: 27.7031;
2023-08-05 22:21:37,625 - /data/zqwang/Github-YATO/YATO-main/YATO-EXPERMENTS/bert_base_gelu_QQP.config_seed10042_A - INFO -      Instance: 4000; Time: 13.06s; loss: 24.8826;
2023-08-05 22:21:49,690 - /data/zqwang/Github-YATO/YATO-main/YATO-EXPERMENTS/bert_base_gelu_QQP.config_seed10042_A - INFO -      Instance: 6000; Time: 12.06s; loss: 27.4406;
2023-08-05 22:22:01,332 - /data/zqwang/Github-YATO/YATO-main/YATO-EXPERMENTS/bert_base_gelu_QQP.config_seed10042_A - INFO -      Instance: 8000; Time: 11.64s; loss: 23.9620;
2023-08-05 22:22:12,888 - /data/zqwang/Github-YATO/YATO-main/YATO-EXPERMENTS/bert_base_gelu_QQP.config_seed10042_A - INFO -      Instance: 10000; Time: 11.56s; loss: 23.7035;
2023-08-05 22:22:25,172 - /data/zqwang/Github-YATO/YATO-main/YATO-EXPERMENTS/bert_base_gelu_QQP.config_seed10042_A - INFO -      Instance: 12000; Time: 12.28s; loss: 25.4147;
2023-08-05 22:22:37,836 - /data/zqwang/Github-YATO/YATO-main/YATO-EXPERMENTS/bert_base_gelu_QQP.config_seed10042_A - INFO -      Instance: 14000; Time: 12.66s; loss: 24.3255;
2023-08-05 22:22:49,949 - /data/zqwang/Github-YATO/YATO-main/YATO-EXPERMENTS/bert_base_gelu_QQP.config_seed10042_A - INFO -      Instance: 16000; Time: 12.11s; loss: 25.3866;
2023-08-05 22:23:01,112 - /data/zqwang/Github-YATO/YATO-main/YATO-EXPERMENTS/bert_base_gelu_QQP.config_seed10042_A - INFO -      Instance: 18000; Time: 11.16s; loss: 26.6053;
2023-08-05 22:23:13,088 - /data/zqwang/Github-YATO/YATO-main/YATO-EXPERMENTS/bert_base_gelu_QQP.config_seed10042_A - INFO -      Instance: 20000; Time: 11.98s; loss: 25.5766;
2023-08-05 22:23:24,407 - /data/zqwang/Github-YATO/YATO-main/YATO-EXPERMENTS/bert_base_gelu_QQP.config_seed10042_A - INFO -      Instance: 22000; Time: 11.32s; loss: 25.4156;
2023-08-05 22:23:35,679 - /data/zqwang/Github-YATO/YATO-main/YATO-EXPERMENTS/bert_base_gelu_QQP.config_seed10042_A - INFO -      Instance: 24000; Time: 11.27s; loss: 25.8833;
2023-08-05 22:23:48,251 - /data/zqwang/Github-YATO/YATO-main/YATO-EXPERMENTS/bert_base_gelu_QQP.config_seed10042_A - INFO -      Instance: 26000; Time: 12.57s; loss: 28.2111;
2023-08-05 22:24:03,049 - /data/zqwang/Github-YATO/YATO-main/YATO-EXPERMENTS/bert_base_gelu_QQP.config_seed10042_A - INFO -      Instance: 28000; Time: 14.80s; loss: 24.7716;
2023-08-05 22:24:16,987 - /data/zqwang/Github-YATO/YATO-main/YATO-EXPERMENTS/bert_base_gelu_QQP.config_seed10042_A - INFO -      Instance: 30000; Time: 13.94s; loss: 27.4155;
2023-08-05 22:24:28,467 - /data/zqwang/Github-YATO/YATO-main/YATO-EXPERMENTS/bert_base_gelu_QQP.config_seed10042_A - INFO -      Instance: 32000; Time: 11.48s; loss: 25.2756;
2023-08-05 22:24:40,132 - /data/zqwang/Github-YATO/YATO-main/YATO-EXPERMENTS/bert_base_gelu_QQP.config_seed10042_A - INFO -      Instance: 34000; Time: 11.67s; loss: 25.4982;
2023-08-05 22:24:52,005 - /data/zqwang/Github-YATO/YATO-main/YATO-EXPERMENTS/bert_base_gelu_QQP.config_seed10042_A - INFO -      Instance: 36000; Time: 11.87s; loss: 23.4267;
2023-08-05 22:25:04,798 - /data/zqwang/Github-YATO/YATO-main/YATO-EXPERMENTS/bert_base_gelu_QQP.config_seed10042_A - INFO -      Instance: 38000; Time: 12.79s; loss: 26.0302;
2023-08-05 22:25:16,489 - /data/zqwang/Github-YATO/YATO-main/YATO-EXPERMENTS/bert_base_gelu_QQP.config_seed10042_A - INFO -      Instance: 40000; Time: 11.69s; loss: 27.1570;
2023-08-05 22:25:28,254 - /data/zqwang/Github-YATO/YATO-main/YATO-EXPERMENTS/bert_base_gelu_QQP.config_seed10042_A - INFO -      Instance: 42000; Time: 11.77s; loss: 25.0385;
2023-08-05 22:25:42,668 - /data/zqwang/Github-YATO/YATO-main/YATO-EXPERMENTS/bert_base_gelu_QQP.config_seed10042_A - INFO -      Instance: 44000; Time: 14.41s; loss: 20.7911;
2023-08-05 22:25:56,970 - /data/zqwang/Github-YATO/YATO-main/YATO-EXPERMENTS/bert_base_gelu_QQP.config_seed10042_A - INFO -      Instance: 46000; Time: 14.30s; loss: 28.7527;
2023-08-05 22:26:11,203 - /data/zqwang/Github-YATO/YATO-main/YATO-EXPERMENTS/bert_base_gelu_QQP.config_seed10042_A - INFO -      Instance: 48000; Time: 14.23s; loss: 25.7700;
2023-08-05 22:26:26,526 - /data/zqwang/Github-YATO/YATO-main/YATO-EXPERMENTS/bert_base_gelu_QQP.config_seed10042_A - INFO -      Instance: 50000; Time: 15.32s; loss: 26.3066;
2023-08-05 22:26:39,153 - /data/zqwang/Github-YATO/YATO-main/YATO-EXPERMENTS/bert_base_gelu_QQP.config_seed10042_A - INFO -      Instance: 52000; Time: 12.63s; loss: 23.6274;
2023-08-05 22:26:52,345 - /data/zqwang/Github-YATO/YATO-main/YATO-EXPERMENTS/bert_base_gelu_QQP.config_seed10042_A - INFO -      Instance: 54000; Time: 13.19s; loss: 28.9676;
2023-08-05 22:27:06,143 - /data/zqwang/Github-YATO/YATO-main/YATO-EXPERMENTS/bert_base_gelu_QQP.config_seed10042_A - INFO -      Instance: 56000; Time: 13.80s; loss: 24.9095;
2023-08-05 22:27:18,787 - /data/zqwang/Github-YATO/YATO-main/YATO-EXPERMENTS/bert_base_gelu_QQP.config_seed10042_A - INFO -      Instance: 58000; Time: 12.64s; loss: 24.3839;
2023-08-05 22:27:30,748 - /data/zqwang/Github-YATO/YATO-main/YATO-EXPERMENTS/bert_base_gelu_QQP.config_seed10042_A - INFO -      Instance: 60000; Time: 11.96s; loss: 25.6224;
2023-08-05 22:27:42,464 - /data/zqwang/Github-YATO/YATO-main/YATO-EXPERMENTS/bert_base_gelu_QQP.config_seed10042_A - INFO -      Instance: 62000; Time: 11.72s; loss: 25.5482;
2023-08-05 22:27:53,828 - /data/zqwang/Github-YATO/YATO-main/YATO-EXPERMENTS/bert_base_gelu_QQP.config_seed10042_A - INFO -      Instance: 64000; Time: 11.36s; loss: 24.2943;
2023-08-05 22:28:06,054 - /data/zqwang/Github-YATO/YATO-main/YATO-EXPERMENTS/bert_base_gelu_QQP.config_seed10042_A - INFO -      Instance: 66000; Time: 12.23s; loss: 24.3479;
2023-08-05 22:28:17,807 - /data/zqwang/Github-YATO/YATO-main/YATO-EXPERMENTS/bert_base_gelu_QQP.config_seed10042_A - INFO -      Instance: 68000; Time: 11.75s; loss: 26.2947;
2023-08-05 22:28:30,937 - /data/zqwang/Github-YATO/YATO-main/YATO-EXPERMENTS/bert_base_gelu_QQP.config_seed10042_A - INFO -      Instance: 70000; Time: 13.13s; loss: 26.4679;
2023-08-05 22:28:43,145 - /data/zqwang/Github-YATO/YATO-main/YATO-EXPERMENTS/bert_base_gelu_QQP.config_seed10042_A - INFO -      Instance: 72000; Time: 12.21s; loss: 28.7977;
2023-08-05 22:28:55,317 - /data/zqwang/Github-YATO/YATO-main/YATO-EXPERMENTS/bert_base_gelu_QQP.config_seed10042_A - INFO -      Instance: 74000; Time: 12.17s; loss: 24.6267;
2023-08-05 22:29:07,343 - /data/zqwang/Github-YATO/YATO-main/YATO-EXPERMENTS/bert_base_gelu_QQP.config_seed10042_A - INFO -      Instance: 76000; Time: 12.03s; loss: 24.8617;
2023-08-05 22:29:19,132 - /data/zqwang/Github-YATO/YATO-main/YATO-EXPERMENTS/bert_base_gelu_QQP.config_seed10042_A - INFO -      Instance: 78000; Time: 11.79s; loss: 25.1452;
2023-08-05 22:29:32,065 - /data/zqwang/Github-YATO/YATO-main/YATO-EXPERMENTS/bert_base_gelu_QQP.config_seed10042_A - INFO -      Instance: 80000; Time: 12.93s; loss: 26.5075;
2023-08-05 22:29:43,339 - /data/zqwang/Github-YATO/YATO-main/YATO-EXPERMENTS/bert_base_gelu_QQP.config_seed10042_A - INFO -      Instance: 82000; Time: 11.27s; loss: 23.4486;
2023-08-05 22:29:54,486 - /data/zqwang/Github-YATO/YATO-main/YATO-EXPERMENTS/bert_base_gelu_QQP.config_seed10042_A - INFO -      Instance: 84000; Time: 11.15s; loss: 29.0317;
2023-08-05 22:30:05,771 - /data/zqwang/Github-YATO/YATO-main/YATO-EXPERMENTS/bert_base_gelu_QQP.config_seed10042_A - INFO -      Instance: 86000; Time: 11.28s; loss: 26.2153;
2023-08-05 22:30:18,976 - /data/zqwang/Github-YATO/YATO-main/YATO-EXPERMENTS/bert_base_gelu_QQP.config_seed10042_A - INFO -      Instance: 88000; Time: 13.21s; loss: 24.8572;
2023-08-05 22:30:32,545 - /data/zqwang/Github-YATO/YATO-main/YATO-EXPERMENTS/bert_base_gelu_QQP.config_seed10042_A - INFO -      Instance: 90000; Time: 13.57s; loss: 24.3638;
2023-08-05 22:30:43,913 - /data/zqwang/Github-YATO/YATO-main/YATO-EXPERMENTS/bert_base_gelu_QQP.config_seed10042_A - INFO -      Instance: 92000; Time: 11.37s; loss: 26.0797;
2023-08-05 22:30:55,642 - /data/zqwang/Github-YATO/YATO-main/YATO-EXPERMENTS/bert_base_gelu_QQP.config_seed10042_A - INFO -      Instance: 94000; Time: 11.73s; loss: 24.9904;
2023-08-05 22:31:08,018 - /data/zqwang/Github-YATO/YATO-main/YATO-EXPERMENTS/bert_base_gelu_QQP.config_seed10042_A - INFO -      Instance: 96000; Time: 12.38s; loss: 27.0336;
2023-08-05 22:31:19,905 - /data/zqwang/Github-YATO/YATO-main/YATO-EXPERMENTS/bert_base_gelu_QQP.config_seed10042_A - INFO -      Instance: 98000; Time: 11.89s; loss: 24.8298;
2023-08-05 22:31:31,643 - /data/zqwang/Github-YATO/YATO-main/YATO-EXPERMENTS/bert_base_gelu_QQP.config_seed10042_A - INFO -      Instance: 100000; Time: 11.74s; loss: 24.1663;
2023-08-05 22:31:43,254 - /data/zqwang/Github-YATO/YATO-main/YATO-EXPERMENTS/bert_base_gelu_QQP.config_seed10042_A - INFO -      Instance: 102000; Time: 11.61s; loss: 23.2857;
2023-08-05 22:31:55,086 - /data/zqwang/Github-YATO/YATO-main/YATO-EXPERMENTS/bert_base_gelu_QQP.config_seed10042_A - INFO -      Instance: 104000; Time: 11.83s; loss: 24.5745;
2023-08-05 22:32:08,757 - /data/zqwang/Github-YATO/YATO-main/YATO-EXPERMENTS/bert_base_gelu_QQP.config_seed10042_A - INFO -      Instance: 106000; Time: 13.67s; loss: 27.0439;
2023-08-05 22:32:19,958 - /data/zqwang/Github-YATO/YATO-main/YATO-EXPERMENTS/bert_base_gelu_QQP.config_seed10042_A - INFO -      Instance: 108000; Time: 11.20s; loss: 25.4633;
2023-08-05 22:32:31,537 - /data/zqwang/Github-YATO/YATO-main/YATO-EXPERMENTS/bert_base_gelu_QQP.config_seed10042_A - INFO -      Instance: 110000; Time: 11.58s; loss: 23.5097;
2023-08-05 22:32:43,639 - /data/zqwang/Github-YATO/YATO-main/YATO-EXPERMENTS/bert_base_gelu_QQP.config_seed10042_A - INFO -      Instance: 112000; Time: 12.10s; loss: 25.4043;
2023-08-05 22:32:55,254 - /data/zqwang/Github-YATO/YATO-main/YATO-EXPERMENTS/bert_base_gelu_QQP.config_seed10042_A - INFO -      Instance: 114000; Time: 11.62s; loss: 25.4010;
2023-08-05 22:33:06,770 - /data/zqwang/Github-YATO/YATO-main/YATO-EXPERMENTS/bert_base_gelu_QQP.config_seed10042_A - INFO -      Instance: 116000; Time: 11.52s; loss: 22.6678;
2023-08-05 22:33:18,675 - /data/zqwang/Github-YATO/YATO-main/YATO-EXPERMENTS/bert_base_gelu_QQP.config_seed10042_A - INFO -      Instance: 118000; Time: 11.91s; loss: 23.9805;
2023-08-05 22:33:30,049 - /data/zqwang/Github-YATO/YATO-main/YATO-EXPERMENTS/bert_base_gelu_QQP.config_seed10042_A - INFO -      Instance: 120000; Time: 11.37s; loss: 24.2110;
2023-08-05 22:33:43,429 - /data/zqwang/Github-YATO/YATO-main/YATO-EXPERMENTS/bert_base_gelu_QQP.config_seed10042_A - INFO -      Instance: 122000; Time: 13.38s; loss: 26.4828;
2023-08-05 22:33:55,477 - /data/zqwang/Github-YATO/YATO-main/YATO-EXPERMENTS/bert_base_gelu_QQP.config_seed10042_A - INFO -      Instance: 124000; Time: 12.05s; loss: 24.3986;
2023-08-05 22:34:06,672 - /data/zqwang/Github-YATO/YATO-main/YATO-EXPERMENTS/bert_base_gelu_QQP.config_seed10042_A - INFO -      Instance: 126000; Time: 11.19s; loss: 24.3642;
2023-08-05 22:34:18,645 - /data/zqwang/Github-YATO/YATO-main/YATO-EXPERMENTS/bert_base_gelu_QQP.config_seed10042_A - INFO -      Instance: 128000; Time: 11.97s; loss: 25.6727;
2023-08-05 22:34:29,941 - /data/zqwang/Github-YATO/YATO-main/YATO-EXPERMENTS/bert_base_gelu_QQP.config_seed10042_A - INFO -      Instance: 130000; Time: 11.30s; loss: 25.7335;
2023-08-05 22:34:41,527 - /data/zqwang/Github-YATO/YATO-main/YATO-EXPERMENTS/bert_base_gelu_QQP.config_seed10042_A - INFO -      Instance: 132000; Time: 11.59s; loss: 22.8486;
2023-08-05 22:34:54,988 - /data/zqwang/Github-YATO/YATO-main/YATO-EXPERMENTS/bert_base_gelu_QQP.config_seed10042_A - INFO -      Instance: 134000; Time: 13.46s; loss: 27.1783;
2023-08-05 22:35:07,038 - /data/zqwang/Github-YATO/YATO-main/YATO-EXPERMENTS/bert_base_gelu_QQP.config_seed10042_A - INFO -      Instance: 136000; Time: 12.05s; loss: 25.5356;
2023-08-05 22:35:18,375 - /data/zqwang/Github-YATO/YATO-main/YATO-EXPERMENTS/bert_base_gelu_QQP.config_seed10042_A - INFO -      Instance: 138000; Time: 11.34s; loss: 24.8524;
2023-08-05 22:35:30,184 - /data/zqwang/Github-YATO/YATO-main/YATO-EXPERMENTS/bert_base_gelu_QQP.config_seed10042_A - INFO -      Instance: 140000; Time: 11.81s; loss: 27.3170;
2023-08-05 22:35:44,526 - /data/zqwang/Github-YATO/YATO-main/YATO-EXPERMENTS/bert_base_gelu_QQP.config_seed10042_A - INFO -      Instance: 142000; Time: 14.34s; loss: 27.1076;
2023-08-05 22:35:56,627 - /data/zqwang/Github-YATO/YATO-main/YATO-EXPERMENTS/bert_base_gelu_QQP.config_seed10042_A - INFO -      Instance: 144000; Time: 12.10s; loss: 25.6589;
2023-08-05 22:36:09,400 - /data/zqwang/Github-YATO/YATO-main/YATO-EXPERMENTS/bert_base_gelu_QQP.config_seed10042_A - INFO -      Instance: 146000; Time: 12.77s; loss: 24.2399;
2023-08-05 22:36:22,269 - /data/zqwang/Github-YATO/YATO-main/YATO-EXPERMENTS/bert_base_gelu_QQP.config_seed10042_A - INFO -      Instance: 148000; Time: 12.87s; loss: 25.3885;
2023-08-05 22:36:34,534 - /data/zqwang/Github-YATO/YATO-main/YATO-EXPERMENTS/bert_base_gelu_QQP.config_seed10042_A - INFO -      Instance: 150000; Time: 12.27s; loss: 24.3787;
2023-08-05 22:36:47,641 - /data/zqwang/Github-YATO/YATO-main/YATO-EXPERMENTS/bert_base_gelu_QQP.config_seed10042_A - INFO -      Instance: 152000; Time: 13.11s; loss: 25.0070;
2023-08-05 22:36:59,619 - /data/zqwang/Github-YATO/YATO-main/YATO-EXPERMENTS/bert_base_gelu_QQP.config_seed10042_A - INFO -      Instance: 154000; Time: 11.98s; loss: 23.1773;
2023-08-05 22:37:11,941 - /data/zqwang/Github-YATO/YATO-main/YATO-EXPERMENTS/bert_base_gelu_QQP.config_seed10042_A - INFO -      Instance: 156000; Time: 12.32s; loss: 22.7689;
2023-08-05 22:37:24,135 - /data/zqwang/Github-YATO/YATO-main/YATO-EXPERMENTS/bert_base_gelu_QQP.config_seed10042_A - INFO -      Instance: 158000; Time: 12.19s; loss: 21.9946;
2023-08-05 22:37:36,178 - /data/zqwang/Github-YATO/YATO-main/YATO-EXPERMENTS/bert_base_gelu_QQP.config_seed10042_A - INFO -      Instance: 160000; Time: 12.04s; loss: 23.2363;
2023-08-05 22:37:49,243 - /data/zqwang/Github-YATO/YATO-main/YATO-EXPERMENTS/bert_base_gelu_QQP.config_seed10042_A - INFO -      Instance: 162000; Time: 13.06s; loss: 26.6330;
2023-08-05 22:38:02,607 - /data/zqwang/Github-YATO/YATO-main/YATO-EXPERMENTS/bert_base_gelu_QQP.config_seed10042_A - INFO -      Instance: 164000; Time: 13.36s; loss: 23.3241;
2023-08-05 22:38:15,929 - /data/zqwang/Github-YATO/YATO-main/YATO-EXPERMENTS/bert_base_gelu_QQP.config_seed10042_A - INFO -      Instance: 166000; Time: 13.32s; loss: 23.5962;
2023-08-05 22:38:27,166 - /data/zqwang/Github-YATO/YATO-main/YATO-EXPERMENTS/bert_base_gelu_QQP.config_seed10042_A - INFO -      Instance: 168000; Time: 11.24s; loss: 25.5333;
2023-08-05 22:38:39,145 - /data/zqwang/Github-YATO/YATO-main/YATO-EXPERMENTS/bert_base_gelu_QQP.config_seed10042_A - INFO -      Instance: 170000; Time: 11.98s; loss: 25.0159;
2023-08-05 22:38:50,791 - /data/zqwang/Github-YATO/YATO-main/YATO-EXPERMENTS/bert_base_gelu_QQP.config_seed10042_A - INFO -      Instance: 172000; Time: 11.65s; loss: 24.7861;
2023-08-05 22:39:03,367 - /data/zqwang/Github-YATO/YATO-main/YATO-EXPERMENTS/bert_base_gelu_QQP.config_seed10042_A - INFO -      Instance: 174000; Time: 12.58s; loss: 23.9206;
2023-08-05 22:39:15,604 - /data/zqwang/Github-YATO/YATO-main/YATO-EXPERMENTS/bert_base_gelu_QQP.config_seed10042_A - INFO -      Instance: 176000; Time: 12.24s; loss: 24.2142;
2023-08-05 22:39:27,389 - /data/zqwang/Github-YATO/YATO-main/YATO-EXPERMENTS/bert_base_gelu_QQP.config_seed10042_A - INFO -      Instance: 178000; Time: 11.78s; loss: 24.8774;
2023-08-05 22:39:38,760 - /data/zqwang/Github-YATO/YATO-main/YATO-EXPERMENTS/bert_base_gelu_QQP.config_seed10042_A - INFO -      Instance: 180000; Time: 11.37s; loss: 26.2428;
2023-08-05 22:39:50,479 - /data/zqwang/Github-YATO/YATO-main/YATO-EXPERMENTS/bert_base_gelu_QQP.config_seed10042_A - INFO -      Instance: 182000; Time: 11.72s; loss: 24.3358;
2023-08-05 22:40:01,810 - /data/zqwang/Github-YATO/YATO-main/YATO-EXPERMENTS/bert_base_gelu_QQP.config_seed10042_A - INFO -      Instance: 184000; Time: 11.33s; loss: 26.1340;
2023-08-05 22:40:14,402 - /data/zqwang/Github-YATO/YATO-main/YATO-EXPERMENTS/bert_base_gelu_QQP.config_seed10042_A - INFO -      Instance: 186000; Time: 12.59s; loss: 24.1939;
2023-08-05 22:40:26,536 - /data/zqwang/Github-YATO/YATO-main/YATO-EXPERMENTS/bert_base_gelu_QQP.config_seed10042_A - INFO -      Instance: 188000; Time: 12.13s; loss: 25.4188;
2023-08-05 22:40:38,750 - /data/zqwang/Github-YATO/YATO-main/YATO-EXPERMENTS/bert_base_gelu_QQP.config_seed10042_A - INFO -      Instance: 190000; Time: 12.21s; loss: 24.4793;
2023-08-05 22:40:50,525 - /data/zqwang/Github-YATO/YATO-main/YATO-EXPERMENTS/bert_base_gelu_QQP.config_seed10042_A - INFO -      Instance: 192000; Time: 11.77s; loss: 24.3486;
2023-08-05 22:41:02,899 - /data/zqwang/Github-YATO/YATO-main/YATO-EXPERMENTS/bert_base_gelu_QQP.config_seed10042_A - INFO -      Instance: 194000; Time: 12.37s; loss: 25.5171;
2023-08-05 22:41:14,685 - /data/zqwang/Github-YATO/YATO-main/YATO-EXPERMENTS/bert_base_gelu_QQP.config_seed10042_A - INFO -      Instance: 196000; Time: 11.79s; loss: 25.3082;
2023-08-05 22:41:27,453 - /data/zqwang/Github-YATO/YATO-main/YATO-EXPERMENTS/bert_base_gelu_QQP.config_seed10042_A - INFO -      Instance: 198000; Time: 12.77s; loss: 25.3761;
2023-08-05 22:41:39,459 - /data/zqwang/Github-YATO/YATO-main/YATO-EXPERMENTS/bert_base_gelu_QQP.config_seed10042_A - INFO -      Instance: 200000; Time: 12.01s; loss: 25.4774;
2023-08-05 22:41:52,118 - /data/zqwang/Github-YATO/YATO-main/YATO-EXPERMENTS/bert_base_gelu_QQP.config_seed10042_A - INFO -      Instance: 202000; Time: 12.66s; loss: 24.1915;
2023-08-05 22:42:03,306 - /data/zqwang/Github-YATO/YATO-main/YATO-EXPERMENTS/bert_base_gelu_QQP.config_seed10042_A - INFO -      Instance: 204000; Time: 11.19s; loss: 23.2694;
2023-08-05 22:42:15,991 - /data/zqwang/Github-YATO/YATO-main/YATO-EXPERMENTS/bert_base_gelu_QQP.config_seed10042_A - INFO -      Instance: 206000; Time: 12.68s; loss: 24.8799;
2023-08-05 22:42:28,560 - /data/zqwang/Github-YATO/YATO-main/YATO-EXPERMENTS/bert_base_gelu_QQP.config_seed10042_A - INFO -      Instance: 208000; Time: 12.57s; loss: 23.0919;
2023-08-05 22:42:41,582 - /data/zqwang/Github-YATO/YATO-main/YATO-EXPERMENTS/bert_base_gelu_QQP.config_seed10042_A - INFO -      Instance: 210000; Time: 13.02s; loss: 24.0381;
2023-08-05 22:42:53,764 - /data/zqwang/Github-YATO/YATO-main/YATO-EXPERMENTS/bert_base_gelu_QQP.config_seed10042_A - INFO -      Instance: 212000; Time: 12.18s; loss: 24.2624;
2023-08-05 22:43:05,777 - /data/zqwang/Github-YATO/YATO-main/YATO-EXPERMENTS/bert_base_gelu_QQP.config_seed10042_A - INFO -      Instance: 214000; Time: 12.01s; loss: 27.1361;
2023-08-05 22:43:18,710 - /data/zqwang/Github-YATO/YATO-main/YATO-EXPERMENTS/bert_base_gelu_QQP.config_seed10042_A - INFO -      Instance: 216000; Time: 12.93s; loss: 24.6360;
2023-08-05 22:43:31,167 - /data/zqwang/Github-YATO/YATO-main/YATO-EXPERMENTS/bert_base_gelu_QQP.config_seed10042_A - INFO -      Instance: 218000; Time: 12.46s; loss: 25.6724;
2023-08-05 22:43:45,226 - /data/zqwang/Github-YATO/YATO-main/YATO-EXPERMENTS/bert_base_gelu_QQP.config_seed10042_A - INFO -      Instance: 220000; Time: 14.06s; loss: 25.2453;
2023-08-05 22:43:58,240 - /data/zqwang/Github-YATO/YATO-main/YATO-EXPERMENTS/bert_base_gelu_QQP.config_seed10042_A - INFO -      Instance: 222000; Time: 13.01s; loss: 25.4262;
2023-08-05 22:44:10,588 - /data/zqwang/Github-YATO/YATO-main/YATO-EXPERMENTS/bert_base_gelu_QQP.config_seed10042_A - INFO -      Instance: 224000; Time: 12.35s; loss: 25.9881;
2023-08-05 22:44:22,750 - /data/zqwang/Github-YATO/YATO-main/YATO-EXPERMENTS/bert_base_gelu_QQP.config_seed10042_A - INFO -      Instance: 226000; Time: 12.16s; loss: 24.7046;
2023-08-05 22:44:34,599 - /data/zqwang/Github-YATO/YATO-main/YATO-EXPERMENTS/bert_base_gelu_QQP.config_seed10042_A - INFO -      Instance: 228000; Time: 11.85s; loss: 24.5541;
2023-08-05 22:44:47,286 - /data/zqwang/Github-YATO/YATO-main/YATO-EXPERMENTS/bert_base_gelu_QQP.config_seed10042_A - INFO -      Instance: 230000; Time: 12.69s; loss: 21.3385;
2023-08-05 22:44:59,852 - /data/zqwang/Github-YATO/YATO-main/YATO-EXPERMENTS/bert_base_gelu_QQP.config_seed10042_A - INFO -      Instance: 232000; Time: 12.57s; loss: 25.7489;
2023-08-05 22:45:11,790 - /data/zqwang/Github-YATO/YATO-main/YATO-EXPERMENTS/bert_base_gelu_QQP.config_seed10042_A - INFO -      Instance: 234000; Time: 11.94s; loss: 22.4613;
2023-08-05 22:45:24,450 - /data/zqwang/Github-YATO/YATO-main/YATO-EXPERMENTS/bert_base_gelu_QQP.config_seed10042_A - INFO -      Instance: 236000; Time: 12.66s; loss: 22.8855;
2023-08-05 22:45:36,536 - /data/zqwang/Github-YATO/YATO-main/YATO-EXPERMENTS/bert_base_gelu_QQP.config_seed10042_A - INFO -      Instance: 238000; Time: 12.09s; loss: 26.0108;
2023-08-05 22:45:48,743 - /data/zqwang/Github-YATO/YATO-main/YATO-EXPERMENTS/bert_base_gelu_QQP.config_seed10042_A - INFO -      Instance: 240000; Time: 12.21s; loss: 24.1795;
2023-08-05 22:46:00,766 - /data/zqwang/Github-YATO/YATO-main/YATO-EXPERMENTS/bert_base_gelu_QQP.config_seed10042_A - INFO -      Instance: 242000; Time: 12.02s; loss: 24.4055;
2023-08-05 22:46:12,450 - /data/zqwang/Github-YATO/YATO-main/YATO-EXPERMENTS/bert_base_gelu_QQP.config_seed10042_A - INFO -      Instance: 244000; Time: 11.68s; loss: 26.3850;
2023-08-05 22:46:23,927 - /data/zqwang/Github-YATO/YATO-main/YATO-EXPERMENTS/bert_base_gelu_QQP.config_seed10042_A - INFO -      Instance: 246000; Time: 11.48s; loss: 27.5900;
2023-08-05 22:46:35,396 - /data/zqwang/Github-YATO/YATO-main/YATO-EXPERMENTS/bert_base_gelu_QQP.config_seed10042_A - INFO -      Instance: 248000; Time: 11.47s; loss: 24.1083;
2023-08-05 22:46:47,361 - /data/zqwang/Github-YATO/YATO-main/YATO-EXPERMENTS/bert_base_gelu_QQP.config_seed10042_A - INFO -      Instance: 250000; Time: 11.97s; loss: 22.7500;
2023-08-05 22:46:58,829 - /data/zqwang/Github-YATO/YATO-main/YATO-EXPERMENTS/bert_base_gelu_QQP.config_seed10042_A - INFO -      Instance: 252000; Time: 11.47s; loss: 24.8754;
2023-08-05 22:47:10,872 - /data/zqwang/Github-YATO/YATO-main/YATO-EXPERMENTS/bert_base_gelu_QQP.config_seed10042_A - INFO -      Instance: 254000; Time: 12.04s; loss: 24.2068;
2023-08-05 22:47:22,214 - /data/zqwang/Github-YATO/YATO-main/YATO-EXPERMENTS/bert_base_gelu_QQP.config_seed10042_A - INFO -      Instance: 256000; Time: 11.34s; loss: 24.8345;
2023-08-05 22:47:33,696 - /data/zqwang/Github-YATO/YATO-main/YATO-EXPERMENTS/bert_base_gelu_QQP.config_seed10042_A - INFO -      Instance: 258000; Time: 11.48s; loss: 27.4811;
2023-08-05 22:47:45,950 - /data/zqwang/Github-YATO/YATO-main/YATO-EXPERMENTS/bert_base_gelu_QQP.config_seed10042_A - INFO -      Instance: 260000; Time: 12.25s; loss: 22.9555;
2023-08-05 22:47:58,062 - /data/zqwang/Github-YATO/YATO-main/YATO-EXPERMENTS/bert_base_gelu_QQP.config_seed10042_A - INFO -      Instance: 262000; Time: 12.11s; loss: 24.1207;
2023-08-05 22:48:12,200 - /data/zqwang/Github-YATO/YATO-main/YATO-EXPERMENTS/bert_base_gelu_QQP.config_seed10042_A - INFO -      Instance: 264000; Time: 14.14s; loss: 27.5154;
2023-08-05 22:48:27,050 - /data/zqwang/Github-YATO/YATO-main/YATO-EXPERMENTS/bert_base_gelu_QQP.config_seed10042_A - INFO -      Instance: 266000; Time: 14.85s; loss: 23.7895;
2023-08-05 22:48:41,017 - /data/zqwang/Github-YATO/YATO-main/YATO-EXPERMENTS/bert_base_gelu_QQP.config_seed10042_A - INFO -      Instance: 268000; Time: 13.97s; loss: 23.6316;
2023-08-05 22:48:53,441 - /data/zqwang/Github-YATO/YATO-main/YATO-EXPERMENTS/bert_base_gelu_QQP.config_seed10042_A - INFO -      Instance: 270000; Time: 12.42s; loss: 22.7798;
2023-08-05 22:49:04,742 - /data/zqwang/Github-YATO/YATO-main/YATO-EXPERMENTS/bert_base_gelu_QQP.config_seed10042_A - INFO -      Instance: 272000; Time: 11.30s; loss: 25.4990;
2023-08-05 22:49:16,076 - /data/zqwang/Github-YATO/YATO-main/YATO-EXPERMENTS/bert_base_gelu_QQP.config_seed10042_A - INFO -      Instance: 274000; Time: 11.33s; loss: 25.4174;
2023-08-05 22:49:27,754 - /data/zqwang/Github-YATO/YATO-main/YATO-EXPERMENTS/bert_base_gelu_QQP.config_seed10042_A - INFO -      Instance: 276000; Time: 11.68s; loss: 22.4253;
2023-08-05 22:49:39,734 - /data/zqwang/Github-YATO/YATO-main/YATO-EXPERMENTS/bert_base_gelu_QQP.config_seed10042_A - INFO -      Instance: 278000; Time: 11.98s; loss: 26.2771;
2023-08-05 22:49:51,561 - /data/zqwang/Github-YATO/YATO-main/YATO-EXPERMENTS/bert_base_gelu_QQP.config_seed10042_A - INFO -      Instance: 280000; Time: 11.83s; loss: 27.5113;
2023-08-05 22:50:03,591 - /data/zqwang/Github-YATO/YATO-main/YATO-EXPERMENTS/bert_base_gelu_QQP.config_seed10042_A - INFO -      Instance: 282000; Time: 12.03s; loss: 25.9417;
2023-08-05 22:50:16,622 - /data/zqwang/Github-YATO/YATO-main/YATO-EXPERMENTS/bert_base_gelu_QQP.config_seed10042_A - INFO -      Instance: 284000; Time: 13.03s; loss: 24.4938;
2023-08-05 22:50:28,150 - /data/zqwang/Github-YATO/YATO-main/YATO-EXPERMENTS/bert_base_gelu_QQP.config_seed10042_A - INFO -      Instance: 286000; Time: 11.53s; loss: 23.9939;
2023-08-05 22:50:39,546 - /data/zqwang/Github-YATO/YATO-main/YATO-EXPERMENTS/bert_base_gelu_QQP.config_seed10042_A - INFO -      Instance: 288000; Time: 11.40s; loss: 25.1586;
2023-08-05 22:50:50,909 - /data/zqwang/Github-YATO/YATO-main/YATO-EXPERMENTS/bert_base_gelu_QQP.config_seed10042_A - INFO -      Instance: 290000; Time: 11.36s; loss: 27.8296;
2023-08-05 22:51:04,947 - /data/zqwang/Github-YATO/YATO-main/YATO-EXPERMENTS/bert_base_gelu_QQP.config_seed10042_A - INFO -      Instance: 292000; Time: 14.04s; loss: 22.3070;
2023-08-05 22:51:18,677 - /data/zqwang/Github-YATO/YATO-main/YATO-EXPERMENTS/bert_base_gelu_QQP.config_seed10042_A - INFO -      Instance: 294000; Time: 13.73s; loss: 22.5784;
2023-08-05 22:51:30,236 - /data/zqwang/Github-YATO/YATO-main/YATO-EXPERMENTS/bert_base_gelu_QQP.config_seed10042_A - INFO -      Instance: 296000; Time: 11.56s; loss: 22.9037;
2023-08-05 22:51:43,922 - /data/zqwang/Github-YATO/YATO-main/YATO-EXPERMENTS/bert_base_gelu_QQP.config_seed10042_A - INFO -      Instance: 298000; Time: 13.69s; loss: 24.6239;
2023-08-05 22:51:56,566 - /data/zqwang/Github-YATO/YATO-main/YATO-EXPERMENTS/bert_base_gelu_QQP.config_seed10042_A - INFO -      Instance: 300000; Time: 12.64s; loss: 24.2056;
2023-08-05 22:52:08,140 - /data/zqwang/Github-YATO/YATO-main/YATO-EXPERMENTS/bert_base_gelu_QQP.config_seed10042_A - INFO -      Instance: 302000; Time: 11.57s; loss: 25.4837;
2023-08-05 22:52:19,647 - /data/zqwang/Github-YATO/YATO-main/YATO-EXPERMENTS/bert_base_gelu_QQP.config_seed10042_A - INFO -      Instance: 304000; Time: 11.51s; loss: 26.0654;
2023-08-05 22:52:33,456 - /data/zqwang/Github-YATO/YATO-main/YATO-EXPERMENTS/bert_base_gelu_QQP.config_seed10042_A - INFO -      Instance: 306000; Time: 13.81s; loss: 24.0599;
2023-08-05 22:52:45,880 - /data/zqwang/Github-YATO/YATO-main/YATO-EXPERMENTS/bert_base_gelu_QQP.config_seed10042_A - INFO -      Instance: 308000; Time: 12.42s; loss: 23.8236;
2023-08-05 22:52:59,609 - /data/zqwang/Github-YATO/YATO-main/YATO-EXPERMENTS/bert_base_gelu_QQP.config_seed10042_A - INFO -      Instance: 310000; Time: 13.73s; loss: 22.8204;
2023-08-05 22:53:11,952 - /data/zqwang/Github-YATO/YATO-main/YATO-EXPERMENTS/bert_base_gelu_QQP.config_seed10042_A - INFO -      Instance: 312000; Time: 12.34s; loss: 23.6764;
2023-08-05 22:53:24,323 - /data/zqwang/Github-YATO/YATO-main/YATO-EXPERMENTS/bert_base_gelu_QQP.config_seed10042_A - INFO -      Instance: 314000; Time: 12.37s; loss: 23.8397;
2023-08-05 22:53:36,148 - /data/zqwang/Github-YATO/YATO-main/YATO-EXPERMENTS/bert_base_gelu_QQP.config_seed10042_A - INFO -      Instance: 316000; Time: 11.82s; loss: 24.5214;
2023-08-05 22:53:47,884 - /data/zqwang/Github-YATO/YATO-main/YATO-EXPERMENTS/bert_base_gelu_QQP.config_seed10042_A - INFO -      Instance: 318000; Time: 11.74s; loss: 21.8352;
2023-08-05 22:54:00,155 - /data/zqwang/Github-YATO/YATO-main/YATO-EXPERMENTS/bert_base_gelu_QQP.config_seed10042_A - INFO -      Instance: 320000; Time: 12.27s; loss: 25.3723;
2023-08-05 22:54:12,270 - /data/zqwang/Github-YATO/YATO-main/YATO-EXPERMENTS/bert_base_gelu_QQP.config_seed10042_A - INFO -      Instance: 322000; Time: 12.12s; loss: 24.0688;
2023-08-05 22:54:23,885 - /data/zqwang/Github-YATO/YATO-main/YATO-EXPERMENTS/bert_base_gelu_QQP.config_seed10042_A - INFO -      Instance: 324000; Time: 11.61s; loss: 23.2149;
2023-08-05 22:54:35,644 - /data/zqwang/Github-YATO/YATO-main/YATO-EXPERMENTS/bert_base_gelu_QQP.config_seed10042_A - INFO -      Instance: 326000; Time: 11.76s; loss: 26.0212;
2023-08-05 22:54:50,761 - /data/zqwang/Github-YATO/YATO-main/YATO-EXPERMENTS/bert_base_gelu_QQP.config_seed10042_A - INFO -      Instance: 328000; Time: 15.12s; loss: 21.4070;
2023-08-05 22:55:04,975 - /data/zqwang/Github-YATO/YATO-main/YATO-EXPERMENTS/bert_base_gelu_QQP.config_seed10042_A - INFO -      Instance: 330000; Time: 14.21s; loss: 22.7437;
2023-08-05 22:55:16,748 - /data/zqwang/Github-YATO/YATO-main/YATO-EXPERMENTS/bert_base_gelu_QQP.config_seed10042_A - INFO -      Instance: 332000; Time: 11.77s; loss: 23.1999;
2023-08-05 22:55:28,427 - /data/zqwang/Github-YATO/YATO-main/YATO-EXPERMENTS/bert_base_gelu_QQP.config_seed10042_A - INFO -      Instance: 334000; Time: 11.68s; loss: 25.3918;
2023-08-05 22:55:39,975 - /data/zqwang/Github-YATO/YATO-main/YATO-EXPERMENTS/bert_base_gelu_QQP.config_seed10042_A - INFO -      Instance: 336000; Time: 11.55s; loss: 24.0155;
2023-08-05 22:55:51,563 - /data/zqwang/Github-YATO/YATO-main/YATO-EXPERMENTS/bert_base_gelu_QQP.config_seed10042_A - INFO -      Instance: 338000; Time: 11.59s; loss: 26.8341;
2023-08-05 22:56:02,979 - /data/zqwang/Github-YATO/YATO-main/YATO-EXPERMENTS/bert_base_gelu_QQP.config_seed10042_A - INFO -      Instance: 340000; Time: 11.42s; loss: 25.4457;
2023-08-05 22:56:14,634 - /data/zqwang/Github-YATO/YATO-main/YATO-EXPERMENTS/bert_base_gelu_QQP.config_seed10042_A - INFO -      Instance: 342000; Time: 11.66s; loss: 23.6439;
2023-08-05 22:56:27,885 - /data/zqwang/Github-YATO/YATO-main/YATO-EXPERMENTS/bert_base_gelu_QQP.config_seed10042_A - INFO -      Instance: 344000; Time: 13.25s; loss: 25.1326;
2023-08-05 22:56:39,789 - /data/zqwang/Github-YATO/YATO-main/YATO-EXPERMENTS/bert_base_gelu_QQP.config_seed10042_A - INFO -      Instance: 346000; Time: 11.90s; loss: 23.7231;
2023-08-05 22:56:52,340 - /data/zqwang/Github-YATO/YATO-main/YATO-EXPERMENTS/bert_base_gelu_QQP.config_seed10042_A - INFO -      Instance: 348000; Time: 12.55s; loss: 22.7584;
2023-08-05 22:57:03,643 - /data/zqwang/Github-YATO/YATO-main/YATO-EXPERMENTS/bert_base_gelu_QQP.config_seed10042_A - INFO -      Instance: 350000; Time: 11.30s; loss: 24.9152;
2023-08-05 22:57:15,082 - /data/zqwang/Github-YATO/YATO-main/YATO-EXPERMENTS/bert_base_gelu_QQP.config_seed10042_A - INFO -      Instance: 352000; Time: 11.44s; loss: 24.4672;
2023-08-05 22:57:28,362 - /data/zqwang/Github-YATO/YATO-main/YATO-EXPERMENTS/bert_base_gelu_QQP.config_seed10042_A - INFO -      Instance: 354000; Time: 13.28s; loss: 24.3502;
2023-08-05 22:57:40,741 - /data/zqwang/Github-YATO/YATO-main/YATO-EXPERMENTS/bert_base_gelu_QQP.config_seed10042_A - INFO -      Instance: 356000; Time: 12.38s; loss: 22.3700;
2023-08-05 22:57:52,418 - /data/zqwang/Github-YATO/YATO-main/YATO-EXPERMENTS/bert_base_gelu_QQP.config_seed10042_A - INFO -      Instance: 358000; Time: 11.68s; loss: 25.9413;
2023-08-05 22:58:04,251 - /data/zqwang/Github-YATO/YATO-main/YATO-EXPERMENTS/bert_base_gelu_QQP.config_seed10042_A - INFO -      Instance: 360000; Time: 11.83s; loss: 22.5748;
2023-08-05 22:58:16,088 - /data/zqwang/Github-YATO/YATO-main/YATO-EXPERMENTS/bert_base_gelu_QQP.config_seed10042_A - INFO -      Instance: 362000; Time: 11.84s; loss: 23.4336;
2023-08-05 23:00:31,277 - /data/zqwang/Github-YATO/YATO-main/YATO-EXPERMENTS/bert_base_gelu_QQP.config_seed10042_A - INFO - Dev: time: 123.74s speed: 327.25st/s; acc: 0.9042; f: 0.8727; mcc: 0.7964 
2023-08-05 23:02:47,878 - /data/zqwang/Github-YATO/YATO-main/YATO-EXPERMENTS/bert_base_gelu_QQP.config_seed10042_A - INFO - Save current best acc model in file:/data/zqwang/Github-YATO/YATO-main/YATO-EXPERMENTS/acc0.9042_p0.8543_r0.8919_f0.8727.pth
2023-08-05 23:02:48,742 - /data/zqwang/Github-YATO/YATO-main/YATO-EXPERMENTS/bert_base_gelu_QQP.config_seed10042_A - INFO - Save current best f model in file:/data/zqwang/Github-YATO/YATO-main/YATO-EXPERMENTS/acc0.9042_p0.8543_r0.8919_f0.8727.pth
2023-08-05 23:02:48,744 - /data/zqwang/Github-YATO/YATO-main/YATO-EXPERMENTS/bert_base_gelu_QQP.config_seed10042_A - INFO - Test: time: 136.60s, speed: 296.49st/s; acc: 0.9042, p: 0.8543, r: 0.8919, f: 0.8727, mcc: 0.7964 
2023-08-05 23:03:01,365 - /data/zqwang/Github-YATO/YATO-main/YATO-EXPERMENTS/bert_base_gelu_QQP.config_seed10042_A - INFO -      Instance: 2000; Time: 12.62s; loss: 16.7965;
2023-08-05 23:03:13,299 - /data/zqwang/Github-YATO/YATO-main/YATO-EXPERMENTS/bert_base_gelu_QQP.config_seed10042_A - INFO -      Instance: 4000; Time: 11.93s; loss: 19.3824;
2023-08-05 23:03:25,577 - /data/zqwang/Github-YATO/YATO-main/YATO-EXPERMENTS/bert_base_gelu_QQP.config_seed10042_A - INFO -      Instance: 6000; Time: 12.28s; loss: 15.9312;
2023-08-05 23:03:38,000 - /data/zqwang/Github-YATO/YATO-main/YATO-EXPERMENTS/bert_base_gelu_QQP.config_seed10042_A - INFO -      Instance: 8000; Time: 12.42s; loss: 19.6977;
2023-08-05 23:03:49,925 - /data/zqwang/Github-YATO/YATO-main/YATO-EXPERMENTS/bert_base_gelu_QQP.config_seed10042_A - INFO -      Instance: 10000; Time: 11.93s; loss: 19.1777;
2023-08-05 23:04:02,160 - /data/zqwang/Github-YATO/YATO-main/YATO-EXPERMENTS/bert_base_gelu_QQP.config_seed10042_A - INFO -      Instance: 12000; Time: 12.23s; loss: 16.9664;
2023-08-05 23:04:13,550 - /data/zqwang/Github-YATO/YATO-main/YATO-EXPERMENTS/bert_base_gelu_QQP.config_seed10042_A - INFO -      Instance: 14000; Time: 11.39s; loss: 16.6104;
2023-08-05 23:04:27,161 - /data/zqwang/Github-YATO/YATO-main/YATO-EXPERMENTS/bert_base_gelu_QQP.config_seed10042_A - INFO -      Instance: 16000; Time: 13.61s; loss: 18.8937;
2023-08-05 23:04:40,240 - /data/zqwang/Github-YATO/YATO-main/YATO-EXPERMENTS/bert_base_gelu_QQP.config_seed10042_A - INFO -      Instance: 18000; Time: 13.08s; loss: 18.4851;
2023-08-05 23:04:51,700 - /data/zqwang/Github-YATO/YATO-main/YATO-EXPERMENTS/bert_base_gelu_QQP.config_seed10042_A - INFO -      Instance: 20000; Time: 11.46s; loss: 16.5773;
2023-08-05 23:05:03,102 - /data/zqwang/Github-YATO/YATO-main/YATO-EXPERMENTS/bert_base_gelu_QQP.config_seed10042_A - INFO -      Instance: 22000; Time: 11.40s; loss: 18.6194;
2023-08-05 23:05:15,006 - /data/zqwang/Github-YATO/YATO-main/YATO-EXPERMENTS/bert_base_gelu_QQP.config_seed10042_A - INFO -      Instance: 24000; Time: 11.90s; loss: 19.4503;
2023-08-05 23:05:26,260 - /data/zqwang/Github-YATO/YATO-main/YATO-EXPERMENTS/bert_base_gelu_QQP.config_seed10042_A - INFO -      Instance: 26000; Time: 11.25s; loss: 17.8728;
2023-08-05 23:05:37,955 - /data/zqwang/Github-YATO/YATO-main/YATO-EXPERMENTS/bert_base_gelu_QQP.config_seed10042_A - INFO -      Instance: 28000; Time: 11.69s; loss: 18.1407;
2023-08-05 23:05:50,760 - /data/zqwang/Github-YATO/YATO-main/YATO-EXPERMENTS/bert_base_gelu_QQP.config_seed10042_A - INFO -      Instance: 30000; Time: 12.80s; loss: 16.5620;
2023-08-05 23:06:01,996 - /data/zqwang/Github-YATO/YATO-main/YATO-EXPERMENTS/bert_base_gelu_QQP.config_seed10042_A - INFO -      Instance: 32000; Time: 11.24s; loss: 16.4952;
2023-08-05 23:06:13,843 - /data/zqwang/Github-YATO/YATO-main/YATO-EXPERMENTS/bert_base_gelu_QQP.config_seed10042_A - INFO -      Instance: 34000; Time: 11.85s; loss: 18.4477;
2023-08-05 23:06:26,334 - /data/zqwang/Github-YATO/YATO-main/YATO-EXPERMENTS/bert_base_gelu_QQP.config_seed10042_A - INFO -      Instance: 36000; Time: 12.49s; loss: 16.7851;
2023-08-05 23:06:37,953 - /data/zqwang/Github-YATO/YATO-main/YATO-EXPERMENTS/bert_base_gelu_QQP.config_seed10042_A - INFO -      Instance: 38000; Time: 11.62s; loss: 19.1363;
2023-08-05 23:06:50,070 - /data/zqwang/Github-YATO/YATO-main/YATO-EXPERMENTS/bert_base_gelu_QQP.config_seed10042_A - INFO -      Instance: 40000; Time: 12.12s; loss: 16.7757;
2023-08-05 23:07:04,424 - /data/zqwang/Github-YATO/YATO-main/YATO-EXPERMENTS/bert_base_gelu_QQP.config_seed10042_A - INFO -      Instance: 42000; Time: 14.35s; loss: 16.8657;
2023-08-05 23:07:16,092 - /data/zqwang/Github-YATO/YATO-main/YATO-EXPERMENTS/bert_base_gelu_QQP.config_seed10042_A - INFO -      Instance: 44000; Time: 11.67s; loss: 18.0739;
2023-08-05 23:07:27,789 - /data/zqwang/Github-YATO/YATO-main/YATO-EXPERMENTS/bert_base_gelu_QQP.config_seed10042_A - INFO -      Instance: 46000; Time: 11.70s; loss: 17.8027;
2023-08-05 23:07:39,564 - /data/zqwang/Github-YATO/YATO-main/YATO-EXPERMENTS/bert_base_gelu_QQP.config_seed10042_A - INFO -      Instance: 48000; Time: 11.77s; loss: 14.9764;
2023-08-05 23:07:51,951 - /data/zqwang/Github-YATO/YATO-main/YATO-EXPERMENTS/bert_base_gelu_QQP.config_seed10042_A - INFO -      Instance: 50000; Time: 12.39s; loss: 18.3339;
2023-08-05 23:08:03,984 - /data/zqwang/Github-YATO/YATO-main/YATO-EXPERMENTS/bert_base_gelu_QQP.config_seed10042_A - INFO -      Instance: 52000; Time: 12.03s; loss: 15.1427;
2023-08-05 23:08:16,346 - /data/zqwang/Github-YATO/YATO-main/YATO-EXPERMENTS/bert_base_gelu_QQP.config_seed10042_A - INFO -      Instance: 54000; Time: 12.36s; loss: 15.5980;
2023-08-05 23:08:29,170 - /data/zqwang/Github-YATO/YATO-main/YATO-EXPERMENTS/bert_base_gelu_QQP.config_seed10042_A - INFO -      Instance: 56000; Time: 12.82s; loss: 18.3802;
2023-08-05 23:08:42,857 - /data/zqwang/Github-YATO/YATO-main/YATO-EXPERMENTS/bert_base_gelu_QQP.config_seed10042_A - INFO -      Instance: 58000; Time: 13.69s; loss: 16.8374;
2023-08-05 23:08:57,345 - /data/zqwang/Github-YATO/YATO-main/YATO-EXPERMENTS/bert_base_gelu_QQP.config_seed10042_A - INFO -      Instance: 60000; Time: 14.49s; loss: 17.6842;
2023-08-05 23:09:09,708 - /data/zqwang/Github-YATO/YATO-main/YATO-EXPERMENTS/bert_base_gelu_QQP.config_seed10042_A - INFO -      Instance: 62000; Time: 12.36s; loss: 17.4091;
2023-08-05 23:09:22,973 - /data/zqwang/Github-YATO/YATO-main/YATO-EXPERMENTS/bert_base_gelu_QQP.config_seed10042_A - INFO -      Instance: 64000; Time: 13.27s; loss: 17.8962;
2023-08-05 23:09:36,522 - /data/zqwang/Github-YATO/YATO-main/YATO-EXPERMENTS/bert_base_gelu_QQP.config_seed10042_A - INFO -      Instance: 66000; Time: 13.55s; loss: 16.1741;
2023-08-05 23:09:47,866 - /data/zqwang/Github-YATO/YATO-main/YATO-EXPERMENTS/bert_base_gelu_QQP.config_seed10042_A - INFO -      Instance: 68000; Time: 11.34s; loss: 17.1863;
2023-08-05 23:09:59,356 - /data/zqwang/Github-YATO/YATO-main/YATO-EXPERMENTS/bert_base_gelu_QQP.config_seed10042_A - INFO -      Instance: 70000; Time: 11.49s; loss: 17.9892;
2023-08-05 23:10:12,456 - /data/zqwang/Github-YATO/YATO-main/YATO-EXPERMENTS/bert_base_gelu_QQP.config_seed10042_A - INFO -      Instance: 72000; Time: 13.10s; loss: 18.2265;
2023-08-05 23:10:24,265 - /data/zqwang/Github-YATO/YATO-main/YATO-EXPERMENTS/bert_base_gelu_QQP.config_seed10042_A - INFO -      Instance: 74000; Time: 11.81s; loss: 18.3864;
2023-08-05 23:10:37,624 - /data/zqwang/Github-YATO/YATO-main/YATO-EXPERMENTS/bert_base_gelu_QQP.config_seed10042_A - INFO -      Instance: 76000; Time: 13.36s; loss: 16.8280;
2023-08-05 23:10:49,280 - /data/zqwang/Github-YATO/YATO-main/YATO-EXPERMENTS/bert_base_gelu_QQP.config_seed10042_A - INFO -      Instance: 78000; Time: 11.66s; loss: 17.6846;
2023-08-05 23:11:01,105 - /data/zqwang/Github-YATO/YATO-main/YATO-EXPERMENTS/bert_base_gelu_QQP.config_seed10042_A - INFO -      Instance: 80000; Time: 11.82s; loss: 22.2235;
2023-08-05 23:11:12,347 - /data/zqwang/Github-YATO/YATO-main/YATO-EXPERMENTS/bert_base_gelu_QQP.config_seed10042_A - INFO -      Instance: 82000; Time: 11.24s; loss: 18.0133;
2023-08-05 23:11:23,489 - /data/zqwang/Github-YATO/YATO-main/YATO-EXPERMENTS/bert_base_gelu_QQP.config_seed10042_A - INFO -      Instance: 84000; Time: 11.14s; loss: 16.5390;
2023-08-05 23:11:34,997 - /data/zqwang/Github-YATO/YATO-main/YATO-EXPERMENTS/bert_base_gelu_QQP.config_seed10042_A - INFO -      Instance: 86000; Time: 11.51s; loss: 18.7107;
2023-08-05 23:11:46,161 - /data/zqwang/Github-YATO/YATO-main/YATO-EXPERMENTS/bert_base_gelu_QQP.config_seed10042_A - INFO -      Instance: 88000; Time: 11.16s; loss: 18.5318;
2023-08-05 23:11:57,632 - /data/zqwang/Github-YATO/YATO-main/YATO-EXPERMENTS/bert_base_gelu_QQP.config_seed10042_A - INFO -      Instance: 90000; Time: 11.47s; loss: 18.3433;
2023-08-05 23:12:08,861 - /data/zqwang/Github-YATO/YATO-main/YATO-EXPERMENTS/bert_base_gelu_QQP.config_seed10042_A - INFO -      Instance: 92000; Time: 11.23s; loss: 16.1267;
2023-08-05 23:12:20,158 - /data/zqwang/Github-YATO/YATO-main/YATO-EXPERMENTS/bert_base_gelu_QQP.config_seed10042_A - INFO -      Instance: 94000; Time: 11.30s; loss: 18.3736;
2023-08-05 23:12:32,559 - /data/zqwang/Github-YATO/YATO-main/YATO-EXPERMENTS/bert_base_gelu_QQP.config_seed10042_A - INFO -      Instance: 96000; Time: 12.40s; loss: 15.4831;
2023-08-05 23:12:43,951 - /data/zqwang/Github-YATO/YATO-main/YATO-EXPERMENTS/bert_base_gelu_QQP.config_seed10042_A - INFO -      Instance: 98000; Time: 11.39s; loss: 19.4382;
2023-08-05 23:12:55,248 - /data/zqwang/Github-YATO/YATO-main/YATO-EXPERMENTS/bert_base_gelu_QQP.config_seed10042_A - INFO -      Instance: 100000; Time: 11.30s; loss: 16.3270;
2023-08-05 23:13:06,667 - /data/zqwang/Github-YATO/YATO-main/YATO-EXPERMENTS/bert_base_gelu_QQP.config_seed10042_A - INFO -      Instance: 102000; Time: 11.42s; loss: 16.6866;
2023-08-05 23:13:18,078 - /data/zqwang/Github-YATO/YATO-main/YATO-EXPERMENTS/bert_base_gelu_QQP.config_seed10042_A - INFO -      Instance: 104000; Time: 11.41s; loss: 18.2477;
2023-08-05 23:13:29,109 - /data/zqwang/Github-YATO/YATO-main/YATO-EXPERMENTS/bert_base_gelu_QQP.config_seed10042_A - INFO -      Instance: 106000; Time: 11.03s; loss: 18.2195;
2023-08-05 23:13:40,418 - /data/zqwang/Github-YATO/YATO-main/YATO-EXPERMENTS/bert_base_gelu_QQP.config_seed10042_A - INFO -      Instance: 108000; Time: 11.31s; loss: 20.3509;
2023-08-05 23:13:53,727 - /data/zqwang/Github-YATO/YATO-main/YATO-EXPERMENTS/bert_base_gelu_QQP.config_seed10042_A - INFO -      Instance: 110000; Time: 13.31s; loss: 18.7749;
2023-08-05 23:14:05,390 - /data/zqwang/Github-YATO/YATO-main/YATO-EXPERMENTS/bert_base_gelu_QQP.config_seed10042_A - INFO -      Instance: 112000; Time: 11.66s; loss: 15.6287;
2023-08-05 23:14:16,617 - /data/zqwang/Github-YATO/YATO-main/YATO-EXPERMENTS/bert_base_gelu_QQP.config_seed10042_A - INFO -      Instance: 114000; Time: 11.23s; loss: 20.0494;
2023-08-05 23:14:28,114 - /data/zqwang/Github-YATO/YATO-main/YATO-EXPERMENTS/bert_base_gelu_QQP.config_seed10042_A - INFO -      Instance: 116000; Time: 11.50s; loss: 18.5060;
2023-08-05 23:14:39,411 - /data/zqwang/Github-YATO/YATO-main/YATO-EXPERMENTS/bert_base_gelu_QQP.config_seed10042_A - INFO -      Instance: 118000; Time: 11.30s; loss: 13.9228;
2023-08-05 23:14:51,314 - /data/zqwang/Github-YATO/YATO-main/YATO-EXPERMENTS/bert_base_gelu_QQP.config_seed10042_A - INFO -      Instance: 120000; Time: 11.90s; loss: 16.0253;
2023-08-05 23:15:04,817 - /data/zqwang/Github-YATO/YATO-main/YATO-EXPERMENTS/bert_base_gelu_QQP.config_seed10042_A - INFO -      Instance: 122000; Time: 13.50s; loss: 17.2076;
2023-08-05 23:15:16,711 - /data/zqwang/Github-YATO/YATO-main/YATO-EXPERMENTS/bert_base_gelu_QQP.config_seed10042_A - INFO -      Instance: 124000; Time: 11.89s; loss: 17.0492;
2023-08-05 23:15:28,647 - /data/zqwang/Github-YATO/YATO-main/YATO-EXPERMENTS/bert_base_gelu_QQP.config_seed10042_A - INFO -      Instance: 126000; Time: 11.94s; loss: 17.0683;
2023-08-05 23:15:40,987 - /data/zqwang/Github-YATO/YATO-main/YATO-EXPERMENTS/bert_base_gelu_QQP.config_seed10042_A - INFO -      Instance: 128000; Time: 12.34s; loss: 14.9736;
2023-08-05 23:15:53,770 - /data/zqwang/Github-YATO/YATO-main/YATO-EXPERMENTS/bert_base_gelu_QQP.config_seed10042_A - INFO -      Instance: 130000; Time: 12.78s; loss: 18.9699;
2023-08-05 23:16:06,224 - /data/zqwang/Github-YATO/YATO-main/YATO-EXPERMENTS/bert_base_gelu_QQP.config_seed10042_A - INFO -      Instance: 132000; Time: 12.45s; loss: 15.7910;
2023-08-05 23:16:18,076 - /data/zqwang/Github-YATO/YATO-main/YATO-EXPERMENTS/bert_base_gelu_QQP.config_seed10042_A - INFO -      Instance: 134000; Time: 11.85s; loss: 18.7169;
2023-08-05 23:16:29,723 - /data/zqwang/Github-YATO/YATO-main/YATO-EXPERMENTS/bert_base_gelu_QQP.config_seed10042_A - INFO -      Instance: 136000; Time: 11.65s; loss: 16.9378;
2023-08-05 23:16:42,695 - /data/zqwang/Github-YATO/YATO-main/YATO-EXPERMENTS/bert_base_gelu_QQP.config_seed10042_A - INFO -      Instance: 138000; Time: 12.97s; loss: 19.0657;
2023-08-05 23:16:56,241 - /data/zqwang/Github-YATO/YATO-main/YATO-EXPERMENTS/bert_base_gelu_QQP.config_seed10042_A - INFO -      Instance: 140000; Time: 13.55s; loss: 19.1669;
2023-08-05 23:17:10,746 - /data/zqwang/Github-YATO/YATO-main/YATO-EXPERMENTS/bert_base_gelu_QQP.config_seed10042_A - INFO -      Instance: 142000; Time: 14.51s; loss: 15.7198;
2023-08-05 23:17:23,448 - /data/zqwang/Github-YATO/YATO-main/YATO-EXPERMENTS/bert_base_gelu_QQP.config_seed10042_A - INFO -      Instance: 144000; Time: 12.70s; loss: 19.5676;
2023-08-05 23:17:34,928 - /data/zqwang/Github-YATO/YATO-main/YATO-EXPERMENTS/bert_base_gelu_QQP.config_seed10042_A - INFO -      Instance: 146000; Time: 11.48s; loss: 15.8820;
2023-08-05 23:17:50,213 - /data/zqwang/Github-YATO/YATO-main/YATO-EXPERMENTS/bert_base_gelu_QQP.config_seed10042_A - INFO -      Instance: 148000; Time: 15.28s; loss: 14.9159;
2023-08-05 23:18:04,148 - /data/zqwang/Github-YATO/YATO-main/YATO-EXPERMENTS/bert_base_gelu_QQP.config_seed10042_A - INFO -      Instance: 150000; Time: 13.94s; loss: 15.8087;
2023-08-05 23:18:15,788 - /data/zqwang/Github-YATO/YATO-main/YATO-EXPERMENTS/bert_base_gelu_QQP.config_seed10042_A - INFO -      Instance: 152000; Time: 11.64s; loss: 19.5443;
2023-08-05 23:18:28,694 - /data/zqwang/Github-YATO/YATO-main/YATO-EXPERMENTS/bert_base_gelu_QQP.config_seed10042_A - INFO -      Instance: 154000; Time: 12.91s; loss: 16.7871;
2023-08-05 23:18:41,013 - /data/zqwang/Github-YATO/YATO-main/YATO-EXPERMENTS/bert_base_gelu_QQP.config_seed10042_A - INFO -      Instance: 156000; Time: 12.32s; loss: 18.0797;
2023-08-05 23:18:52,735 - /data/zqwang/Github-YATO/YATO-main/YATO-EXPERMENTS/bert_base_gelu_QQP.config_seed10042_A - INFO -      Instance: 158000; Time: 11.72s; loss: 19.2758;
2023-08-05 23:19:04,008 - /data/zqwang/Github-YATO/YATO-main/YATO-EXPERMENTS/bert_base_gelu_QQP.config_seed10042_A - INFO -      Instance: 160000; Time: 11.27s; loss: 16.7193;
2023-08-05 23:19:15,304 - /data/zqwang/Github-YATO/YATO-main/YATO-EXPERMENTS/bert_base_gelu_QQP.config_seed10042_A - INFO -      Instance: 162000; Time: 11.30s; loss: 16.4700;
2023-08-05 23:19:26,550 - /data/zqwang/Github-YATO/YATO-main/YATO-EXPERMENTS/bert_base_gelu_QQP.config_seed10042_A - INFO -      Instance: 164000; Time: 11.25s; loss: 15.9396;
2023-08-05 23:19:37,799 - /data/zqwang/Github-YATO/YATO-main/YATO-EXPERMENTS/bert_base_gelu_QQP.config_seed10042_A - INFO -      Instance: 166000; Time: 11.25s; loss: 20.0066;
2023-08-05 23:19:49,375 - /data/zqwang/Github-YATO/YATO-main/YATO-EXPERMENTS/bert_base_gelu_QQP.config_seed10042_A - INFO -      Instance: 168000; Time: 11.58s; loss: 18.3558;
2023-08-05 23:20:04,135 - /data/zqwang/Github-YATO/YATO-main/YATO-EXPERMENTS/bert_base_gelu_QQP.config_seed10042_A - INFO -      Instance: 170000; Time: 14.76s; loss: 18.2956;
2023-08-05 23:20:16,118 - /data/zqwang/Github-YATO/YATO-main/YATO-EXPERMENTS/bert_base_gelu_QQP.config_seed10042_A - INFO -      Instance: 172000; Time: 11.98s; loss: 16.3664;
2023-08-05 23:20:27,481 - /data/zqwang/Github-YATO/YATO-main/YATO-EXPERMENTS/bert_base_gelu_QQP.config_seed10042_A - INFO -      Instance: 174000; Time: 11.36s; loss: 15.7185;
2023-08-05 23:20:38,814 - /data/zqwang/Github-YATO/YATO-main/YATO-EXPERMENTS/bert_base_gelu_QQP.config_seed10042_A - INFO -      Instance: 176000; Time: 11.33s; loss: 18.8310;
2023-08-05 23:20:50,034 - /data/zqwang/Github-YATO/YATO-main/YATO-EXPERMENTS/bert_base_gelu_QQP.config_seed10042_A - INFO -      Instance: 178000; Time: 11.22s; loss: 20.8851;
2023-08-05 23:21:01,581 - /data/zqwang/Github-YATO/YATO-main/YATO-EXPERMENTS/bert_base_gelu_QQP.config_seed10042_A - INFO -      Instance: 180000; Time: 11.55s; loss: 16.4852;
2023-08-05 23:21:12,977 - /data/zqwang/Github-YATO/YATO-main/YATO-EXPERMENTS/bert_base_gelu_QQP.config_seed10042_A - INFO -      Instance: 182000; Time: 11.40s; loss: 16.4413;
2023-08-05 23:21:25,006 - /data/zqwang/Github-YATO/YATO-main/YATO-EXPERMENTS/bert_base_gelu_QQP.config_seed10042_A - INFO -      Instance: 184000; Time: 12.03s; loss: 15.7393;
2023-08-05 23:21:36,850 - /data/zqwang/Github-YATO/YATO-main/YATO-EXPERMENTS/bert_base_gelu_QQP.config_seed10042_A - INFO -      Instance: 186000; Time: 11.84s; loss: 18.1960;
2023-08-05 23:21:48,188 - /data/zqwang/Github-YATO/YATO-main/YATO-EXPERMENTS/bert_base_gelu_QQP.config_seed10042_A - INFO -      Instance: 188000; Time: 11.34s; loss: 16.2096;
2023-08-05 23:22:01,115 - /data/zqwang/Github-YATO/YATO-main/YATO-EXPERMENTS/bert_base_gelu_QQP.config_seed10042_A - INFO -      Instance: 190000; Time: 12.93s; loss: 17.7209;
2023-08-05 23:22:13,376 - /data/zqwang/Github-YATO/YATO-main/YATO-EXPERMENTS/bert_base_gelu_QQP.config_seed10042_A - INFO -      Instance: 192000; Time: 12.26s; loss: 16.5701;
2023-08-05 23:22:24,538 - /data/zqwang/Github-YATO/YATO-main/YATO-EXPERMENTS/bert_base_gelu_QQP.config_seed10042_A - INFO -      Instance: 194000; Time: 11.16s; loss: 17.6177;
2023-08-05 23:22:35,696 - /data/zqwang/Github-YATO/YATO-main/YATO-EXPERMENTS/bert_base_gelu_QQP.config_seed10042_A - INFO -      Instance: 196000; Time: 11.16s; loss: 19.1233;
2023-08-05 23:22:47,173 - /data/zqwang/Github-YATO/YATO-main/YATO-EXPERMENTS/bert_base_gelu_QQP.config_seed10042_A - INFO -      Instance: 198000; Time: 11.48s; loss: 15.0558;
2023-08-05 23:22:58,503 - /data/zqwang/Github-YATO/YATO-main/YATO-EXPERMENTS/bert_base_gelu_QQP.config_seed10042_A - INFO -      Instance: 200000; Time: 11.33s; loss: 14.1308;
2023-08-05 23:23:09,768 - /data/zqwang/Github-YATO/YATO-main/YATO-EXPERMENTS/bert_base_gelu_QQP.config_seed10042_A - INFO -      Instance: 202000; Time: 11.26s; loss: 17.7144;
2023-08-05 23:23:20,959 - /data/zqwang/Github-YATO/YATO-main/YATO-EXPERMENTS/bert_base_gelu_QQP.config_seed10042_A - INFO -      Instance: 204000; Time: 11.19s; loss: 17.2284;
2023-08-05 23:23:32,336 - /data/zqwang/Github-YATO/YATO-main/YATO-EXPERMENTS/bert_base_gelu_QQP.config_seed10042_A - INFO -      Instance: 206000; Time: 11.38s; loss: 19.0688;
2023-08-05 23:23:43,784 - /data/zqwang/Github-YATO/YATO-main/YATO-EXPERMENTS/bert_base_gelu_QQP.config_seed10042_A - INFO -      Instance: 208000; Time: 11.45s; loss: 17.1280;
2023-08-05 23:23:55,783 - /data/zqwang/Github-YATO/YATO-main/YATO-EXPERMENTS/bert_base_gelu_QQP.config_seed10042_A - INFO -      Instance: 210000; Time: 12.00s; loss: 18.8644;
2023-08-05 23:24:10,051 - /data/zqwang/Github-YATO/YATO-main/YATO-EXPERMENTS/bert_base_gelu_QQP.config_seed10042_A - INFO -      Instance: 212000; Time: 14.27s; loss: 17.7515;
2023-08-05 23:24:21,826 - /data/zqwang/Github-YATO/YATO-main/YATO-EXPERMENTS/bert_base_gelu_QQP.config_seed10042_A - INFO -      Instance: 214000; Time: 11.77s; loss: 17.3905;
2023-08-05 23:24:33,793 - /data/zqwang/Github-YATO/YATO-main/YATO-EXPERMENTS/bert_base_gelu_QQP.config_seed10042_A - INFO -      Instance: 216000; Time: 11.97s; loss: 18.6506;
2023-08-05 23:24:46,150 - /data/zqwang/Github-YATO/YATO-main/YATO-EXPERMENTS/bert_base_gelu_QQP.config_seed10042_A - INFO -      Instance: 218000; Time: 12.36s; loss: 15.5998;
2023-08-05 23:24:58,311 - /data/zqwang/Github-YATO/YATO-main/YATO-EXPERMENTS/bert_base_gelu_QQP.config_seed10042_A - INFO -      Instance: 220000; Time: 12.16s; loss: 18.0104;
2023-08-05 23:25:10,406 - /data/zqwang/Github-YATO/YATO-main/YATO-EXPERMENTS/bert_base_gelu_QQP.config_seed10042_A - INFO -      Instance: 222000; Time: 12.10s; loss: 18.6914;
2023-08-05 23:25:24,432 - /data/zqwang/Github-YATO/YATO-main/YATO-EXPERMENTS/bert_base_gelu_QQP.config_seed10042_A - INFO -      Instance: 224000; Time: 14.03s; loss: 15.6040;
2023-08-05 23:25:39,262 - /data/zqwang/Github-YATO/YATO-main/YATO-EXPERMENTS/bert_base_gelu_QQP.config_seed10042_A - INFO -      Instance: 226000; Time: 14.83s; loss: 16.3295;
2023-08-05 23:25:52,336 - /data/zqwang/Github-YATO/YATO-main/YATO-EXPERMENTS/bert_base_gelu_QQP.config_seed10042_A - INFO -      Instance: 228000; Time: 13.07s; loss: 16.4489;
2023-08-05 23:26:06,978 - /data/zqwang/Github-YATO/YATO-main/YATO-EXPERMENTS/bert_base_gelu_QQP.config_seed10042_A - INFO -      Instance: 230000; Time: 14.64s; loss: 16.1919;
2023-08-05 23:26:20,823 - /data/zqwang/Github-YATO/YATO-main/YATO-EXPERMENTS/bert_base_gelu_QQP.config_seed10042_A - INFO -      Instance: 232000; Time: 13.85s; loss: 19.5479;
2023-08-05 23:26:32,986 - /data/zqwang/Github-YATO/YATO-main/YATO-EXPERMENTS/bert_base_gelu_QQP.config_seed10042_A - INFO -      Instance: 234000; Time: 12.16s; loss: 17.7525;
2023-08-05 23:26:45,576 - /data/zqwang/Github-YATO/YATO-main/YATO-EXPERMENTS/bert_base_gelu_QQP.config_seed10042_A - INFO -      Instance: 236000; Time: 12.59s; loss: 13.6754;
2023-08-05 23:26:57,499 - /data/zqwang/Github-YATO/YATO-main/YATO-EXPERMENTS/bert_base_gelu_QQP.config_seed10042_A - INFO -      Instance: 238000; Time: 11.92s; loss: 16.2695;
2023-08-05 23:27:09,299 - /data/zqwang/Github-YATO/YATO-main/YATO-EXPERMENTS/bert_base_gelu_QQP.config_seed10042_A - INFO -      Instance: 240000; Time: 11.80s; loss: 19.3380;
2023-08-05 23:27:23,481 - /data/zqwang/Github-YATO/YATO-main/YATO-EXPERMENTS/bert_base_gelu_QQP.config_seed10042_A - INFO -      Instance: 242000; Time: 14.18s; loss: 17.3256;
2023-08-05 23:27:36,289 - /data/zqwang/Github-YATO/YATO-main/YATO-EXPERMENTS/bert_base_gelu_QQP.config_seed10042_A - INFO -      Instance: 244000; Time: 12.81s; loss: 16.0803;
2023-08-05 23:27:47,747 - /data/zqwang/Github-YATO/YATO-main/YATO-EXPERMENTS/bert_base_gelu_QQP.config_seed10042_A - INFO -      Instance: 246000; Time: 11.46s; loss: 15.9335;
2023-08-05 23:27:59,434 - /data/zqwang/Github-YATO/YATO-main/YATO-EXPERMENTS/bert_base_gelu_QQP.config_seed10042_A - INFO -      Instance: 248000; Time: 11.69s; loss: 19.2859;
2023-08-05 23:28:11,801 - /data/zqwang/Github-YATO/YATO-main/YATO-EXPERMENTS/bert_base_gelu_QQP.config_seed10042_A - INFO -      Instance: 250000; Time: 12.37s; loss: 13.7466;
2023-08-05 23:28:24,372 - /data/zqwang/Github-YATO/YATO-main/YATO-EXPERMENTS/bert_base_gelu_QQP.config_seed10042_A - INFO -      Instance: 252000; Time: 12.57s; loss: 17.1066;
2023-08-05 23:28:36,627 - /data/zqwang/Github-YATO/YATO-main/YATO-EXPERMENTS/bert_base_gelu_QQP.config_seed10042_A - INFO -      Instance: 254000; Time: 12.26s; loss: 17.1594;
2023-08-05 23:28:48,046 - /data/zqwang/Github-YATO/YATO-main/YATO-EXPERMENTS/bert_base_gelu_QQP.config_seed10042_A - INFO -      Instance: 256000; Time: 11.42s; loss: 14.3881;
2023-08-05 23:28:59,301 - /data/zqwang/Github-YATO/YATO-main/YATO-EXPERMENTS/bert_base_gelu_QQP.config_seed10042_A - INFO -      Instance: 258000; Time: 11.25s; loss: 19.7686;
2023-08-05 23:29:10,374 - /data/zqwang/Github-YATO/YATO-main/YATO-EXPERMENTS/bert_base_gelu_QQP.config_seed10042_A - INFO -      Instance: 260000; Time: 11.07s; loss: 17.7163;
2023-08-05 23:29:22,153 - /data/zqwang/Github-YATO/YATO-main/YATO-EXPERMENTS/bert_base_gelu_QQP.config_seed10042_A - INFO -      Instance: 262000; Time: 11.78s; loss: 17.2774;
2023-08-05 23:29:35,478 - /data/zqwang/Github-YATO/YATO-main/YATO-EXPERMENTS/bert_base_gelu_QQP.config_seed10042_A - INFO -      Instance: 264000; Time: 13.33s; loss: 17.0514;
2023-08-05 23:29:47,582 - /data/zqwang/Github-YATO/YATO-main/YATO-EXPERMENTS/bert_base_gelu_QQP.config_seed10042_A - INFO -      Instance: 266000; Time: 12.10s; loss: 17.8942;
2023-08-05 23:29:59,414 - /data/zqwang/Github-YATO/YATO-main/YATO-EXPERMENTS/bert_base_gelu_QQP.config_seed10042_A - INFO -      Instance: 268000; Time: 11.83s; loss: 18.7121;
2023-08-05 23:30:12,297 - /data/zqwang/Github-YATO/YATO-main/YATO-EXPERMENTS/bert_base_gelu_QQP.config_seed10042_A - INFO -      Instance: 270000; Time: 12.88s; loss: 19.2033;
2023-08-05 23:30:24,113 - /data/zqwang/Github-YATO/YATO-main/YATO-EXPERMENTS/bert_base_gelu_QQP.config_seed10042_A - INFO -      Instance: 272000; Time: 11.82s; loss: 17.6645;
2023-08-05 23:30:35,567 - /data/zqwang/Github-YATO/YATO-main/YATO-EXPERMENTS/bert_base_gelu_QQP.config_seed10042_A - INFO -      Instance: 274000; Time: 11.45s; loss: 17.0717;
2023-08-05 23:30:47,165 - /data/zqwang/Github-YATO/YATO-main/YATO-EXPERMENTS/bert_base_gelu_QQP.config_seed10042_A - INFO -      Instance: 276000; Time: 11.60s; loss: 19.2223;
2023-08-05 23:30:59,249 - /data/zqwang/Github-YATO/YATO-main/YATO-EXPERMENTS/bert_base_gelu_QQP.config_seed10042_A - INFO -      Instance: 278000; Time: 12.08s; loss: 18.8021;
2023-08-05 23:31:10,926 - /data/zqwang/Github-YATO/YATO-main/YATO-EXPERMENTS/bert_base_gelu_QQP.config_seed10042_A - INFO -      Instance: 280000; Time: 11.68s; loss: 17.0201;
2023-08-05 23:31:23,269 - /data/zqwang/Github-YATO/YATO-main/YATO-EXPERMENTS/bert_base_gelu_QQP.config_seed10042_A - INFO -      Instance: 282000; Time: 12.34s; loss: 14.0303;
2023-08-05 23:31:35,437 - /data/zqwang/Github-YATO/YATO-main/YATO-EXPERMENTS/bert_base_gelu_QQP.config_seed10042_A - INFO -      Instance: 284000; Time: 12.17s; loss: 16.7216;
2023-08-05 23:31:48,081 - /data/zqwang/Github-YATO/YATO-main/YATO-EXPERMENTS/bert_base_gelu_QQP.config_seed10042_A - INFO -      Instance: 286000; Time: 12.64s; loss: 14.4827;
2023-08-05 23:32:00,027 - /data/zqwang/Github-YATO/YATO-main/YATO-EXPERMENTS/bert_base_gelu_QQP.config_seed10042_A - INFO -      Instance: 288000; Time: 11.95s; loss: 16.3922;
2023-08-05 23:32:11,858 - /data/zqwang/Github-YATO/YATO-main/YATO-EXPERMENTS/bert_base_gelu_QQP.config_seed10042_A - INFO -      Instance: 290000; Time: 11.83s; loss: 16.7998;
2023-08-05 23:32:23,338 - /data/zqwang/Github-YATO/YATO-main/YATO-EXPERMENTS/bert_base_gelu_QQP.config_seed10042_A - INFO -      Instance: 292000; Time: 11.48s; loss: 18.0805;
2023-08-05 23:32:35,258 - /data/zqwang/Github-YATO/YATO-main/YATO-EXPERMENTS/bert_base_gelu_QQP.config_seed10042_A - INFO -      Instance: 294000; Time: 11.92s; loss: 18.1600;
2023-08-05 23:32:47,409 - /data/zqwang/Github-YATO/YATO-main/YATO-EXPERMENTS/bert_base_gelu_QQP.config_seed10042_A - INFO -      Instance: 296000; Time: 12.15s; loss: 17.0079;
2023-08-05 23:32:59,021 - /data/zqwang/Github-YATO/YATO-main/YATO-EXPERMENTS/bert_base_gelu_QQP.config_seed10042_A - INFO -      Instance: 298000; Time: 11.61s; loss: 20.1527;
2023-08-05 23:33:10,270 - /data/zqwang/Github-YATO/YATO-main/YATO-EXPERMENTS/bert_base_gelu_QQP.config_seed10042_A - INFO -      Instance: 300000; Time: 11.25s; loss: 17.7749;
2023-08-05 23:33:21,700 - /data/zqwang/Github-YATO/YATO-main/YATO-EXPERMENTS/bert_base_gelu_QQP.config_seed10042_A - INFO -      Instance: 302000; Time: 11.43s; loss: 18.7177;
2023-08-05 23:33:32,871 - /data/zqwang/Github-YATO/YATO-main/YATO-EXPERMENTS/bert_base_gelu_QQP.config_seed10042_A - INFO -      Instance: 304000; Time: 11.17s; loss: 17.1954;
2023-08-05 23:33:44,179 - /data/zqwang/Github-YATO/YATO-main/YATO-EXPERMENTS/bert_base_gelu_QQP.config_seed10042_A - INFO -      Instance: 306000; Time: 11.31s; loss: 16.1388;
2023-08-05 23:33:55,474 - /data/zqwang/Github-YATO/YATO-main/YATO-EXPERMENTS/bert_base_gelu_QQP.config_seed10042_A - INFO -      Instance: 308000; Time: 11.30s; loss: 18.2716;
2023-08-05 23:34:06,653 - /data/zqwang/Github-YATO/YATO-main/YATO-EXPERMENTS/bert_base_gelu_QQP.config_seed10042_A - INFO -      Instance: 310000; Time: 11.18s; loss: 18.3687;
2023-08-05 23:34:17,925 - /data/zqwang/Github-YATO/YATO-main/YATO-EXPERMENTS/bert_base_gelu_QQP.config_seed10042_A - INFO -      Instance: 312000; Time: 11.27s; loss: 14.5501;
2023-08-05 23:34:29,334 - /data/zqwang/Github-YATO/YATO-main/YATO-EXPERMENTS/bert_base_gelu_QQP.config_seed10042_A - INFO -      Instance: 314000; Time: 11.41s; loss: 15.8990;
2023-08-05 23:34:41,183 - /data/zqwang/Github-YATO/YATO-main/YATO-EXPERMENTS/bert_base_gelu_QQP.config_seed10042_A - INFO -      Instance: 316000; Time: 11.85s; loss: 16.4372;
2023-08-05 23:34:52,971 - /data/zqwang/Github-YATO/YATO-main/YATO-EXPERMENTS/bert_base_gelu_QQP.config_seed10042_A - INFO -      Instance: 318000; Time: 11.79s; loss: 15.1121;
2023-08-05 23:35:04,646 - /data/zqwang/Github-YATO/YATO-main/YATO-EXPERMENTS/bert_base_gelu_QQP.config_seed10042_A - INFO -      Instance: 320000; Time: 11.67s; loss: 17.3002;
2023-08-05 23:35:17,357 - /data/zqwang/Github-YATO/YATO-main/YATO-EXPERMENTS/bert_base_gelu_QQP.config_seed10042_A - INFO -      Instance: 322000; Time: 12.71s; loss: 17.7433;
2023-08-05 23:35:28,938 - /data/zqwang/Github-YATO/YATO-main/YATO-EXPERMENTS/bert_base_gelu_QQP.config_seed10042_A - INFO -      Instance: 324000; Time: 11.58s; loss: 14.0550;
2023-08-05 23:35:41,279 - /data/zqwang/Github-YATO/YATO-main/YATO-EXPERMENTS/bert_base_gelu_QQP.config_seed10042_A - INFO -      Instance: 326000; Time: 12.34s; loss: 18.6145;
2023-08-05 23:35:52,810 - /data/zqwang/Github-YATO/YATO-main/YATO-EXPERMENTS/bert_base_gelu_QQP.config_seed10042_A - INFO -      Instance: 328000; Time: 11.53s; loss: 18.3200;
2023-08-05 23:36:04,700 - /data/zqwang/Github-YATO/YATO-main/YATO-EXPERMENTS/bert_base_gelu_QQP.config_seed10042_A - INFO -      Instance: 330000; Time: 11.89s; loss: 18.1009;
2023-08-05 23:36:17,456 - /data/zqwang/Github-YATO/YATO-main/YATO-EXPERMENTS/bert_base_gelu_QQP.config_seed10042_A - INFO -      Instance: 332000; Time: 12.76s; loss: 17.2084;
2023-08-05 23:36:29,901 - /data/zqwang/Github-YATO/YATO-main/YATO-EXPERMENTS/bert_base_gelu_QQP.config_seed10042_A - INFO -      Instance: 334000; Time: 12.45s; loss: 18.1503;
2023-08-05 23:36:41,940 - /data/zqwang/Github-YATO/YATO-main/YATO-EXPERMENTS/bert_base_gelu_QQP.config_seed10042_A - INFO -      Instance: 336000; Time: 12.04s; loss: 19.0613;
2023-08-05 23:36:55,720 - /data/zqwang/Github-YATO/YATO-main/YATO-EXPERMENTS/bert_base_gelu_QQP.config_seed10042_A - INFO -      Instance: 338000; Time: 13.78s; loss: 16.2040;
2023-08-05 23:37:07,279 - /data/zqwang/Github-YATO/YATO-main/YATO-EXPERMENTS/bert_base_gelu_QQP.config_seed10042_A - INFO -      Instance: 340000; Time: 11.56s; loss: 18.1580;
2023-08-05 23:37:19,797 - /data/zqwang/Github-YATO/YATO-main/YATO-EXPERMENTS/bert_base_gelu_QQP.config_seed10042_A - INFO -      Instance: 342000; Time: 12.52s; loss: 14.8600;
2023-08-05 23:37:32,288 - /data/zqwang/Github-YATO/YATO-main/YATO-EXPERMENTS/bert_base_gelu_QQP.config_seed10042_A - INFO -      Instance: 344000; Time: 12.49s; loss: 14.6507;
2023-08-05 23:37:43,817 - /data/zqwang/Github-YATO/YATO-main/YATO-EXPERMENTS/bert_base_gelu_QQP.config_seed10042_A - INFO -      Instance: 346000; Time: 11.53s; loss: 18.5882;
2023-08-05 23:37:55,072 - /data/zqwang/Github-YATO/YATO-main/YATO-EXPERMENTS/bert_base_gelu_QQP.config_seed10042_A - INFO -      Instance: 348000; Time: 11.25s; loss: 18.6375;
2023-08-05 23:38:06,869 - /data/zqwang/Github-YATO/YATO-main/YATO-EXPERMENTS/bert_base_gelu_QQP.config_seed10042_A - INFO -      Instance: 350000; Time: 11.80s; loss: 15.8914;
2023-08-05 23:38:21,516 - /data/zqwang/Github-YATO/YATO-main/YATO-EXPERMENTS/bert_base_gelu_QQP.config_seed10042_A - INFO -      Instance: 352000; Time: 14.65s; loss: 16.8251;
2023-08-05 23:38:35,256 - /data/zqwang/Github-YATO/YATO-main/YATO-EXPERMENTS/bert_base_gelu_QQP.config_seed10042_A - INFO -      Instance: 354000; Time: 13.74s; loss: 17.8774;
2023-08-05 23:38:46,673 - /data/zqwang/Github-YATO/YATO-main/YATO-EXPERMENTS/bert_base_gelu_QQP.config_seed10042_A - INFO -      Instance: 356000; Time: 11.42s; loss: 15.0205;
2023-08-05 23:38:59,262 - /data/zqwang/Github-YATO/YATO-main/YATO-EXPERMENTS/bert_base_gelu_QQP.config_seed10042_A - INFO -      Instance: 358000; Time: 12.59s; loss: 18.0414;
2023-08-05 23:39:11,228 - /data/zqwang/Github-YATO/YATO-main/YATO-EXPERMENTS/bert_base_gelu_QQP.config_seed10042_A - INFO -      Instance: 360000; Time: 11.97s; loss: 18.4038;
2023-08-05 23:39:22,838 - /data/zqwang/Github-YATO/YATO-main/YATO-EXPERMENTS/bert_base_gelu_QQP.config_seed10042_A - INFO -      Instance: 362000; Time: 11.61s; loss: 18.0406;
2023-08-05 23:41:45,862 - /data/zqwang/Github-YATO/YATO-main/YATO-EXPERMENTS/bert_base_gelu_QQP.config_seed10042_A - INFO - Dev: time: 132.36s speed: 305.95st/s; acc: 0.9081; f: 0.8771; mcc: 0.8040 
2023-08-05 23:43:57,371 - /data/zqwang/Github-YATO/YATO-main/YATO-EXPERMENTS/bert_base_gelu_QQP.config_seed10042_A - INFO - Save current best acc model in file:/data/zqwang/Github-YATO/YATO-main/YATO-EXPERMENTS/acc0.9081_p0.8641_r0.8906_f0.8771.pth
2023-08-05 23:43:58,280 - /data/zqwang/Github-YATO/YATO-main/YATO-EXPERMENTS/bert_base_gelu_QQP.config_seed10042_A - INFO - Save current best f model in file:/data/zqwang/Github-YATO/YATO-main/YATO-EXPERMENTS/acc0.9081_p0.8641_r0.8906_f0.8771.pth
2023-08-05 23:43:58,283 - /data/zqwang/Github-YATO/YATO-main/YATO-EXPERMENTS/bert_base_gelu_QQP.config_seed10042_A - INFO - Test: time: 131.51s, speed: 307.90st/s; acc: 0.9081, p: 0.8641, r: 0.8906, f: 0.8771, mcc: 0.8040 
2023-08-05 23:43:58,285 - /data/zqwang/Github-YATO/YATO-main/YATO-EXPERMENTS/bert_base_gelu_QQP.config_seed10042_A - INFO - Best Test Accuracy: 0.9081397937226385, Best Validation Accuracy: 0.9081397937226385, Best Test Accuracy Epoch: 2 
