2023-08-05 23:48:50,794 - /data/zqwang/Github-YATO/YATO-main/YATO-EXPERMENTS/bert_base_gelu_MRPC.config_seed10042_A - INFO - Training model...
2023-08-05 23:51:48,645 - /data/zqwang/Github-YATO/YATO-main/YATO-EXPERMENTS/bert_base_gelu_MRPC.config_seed10042_A - INFO -      Instance: 2000; Time: 14.98s; loss: 75.3833;
2023-08-05 23:52:04,000 - /data/zqwang/Github-YATO/YATO-main/YATO-EXPERMENTS/bert_base_gelu_MRPC.config_seed10042_A - INFO - Dev: time: 1.84s speed: 222.47st/s; acc: 0.8162; f: 0.6305; mcc: 0.5554 
2023-08-05 23:52:05,859 - /data/zqwang/Github-YATO/YATO-main/YATO-EXPERMENTS/bert_base_gelu_MRPC.config_seed10042_A - INFO - Save current best acc model in file:/data/zqwang/Github-YATO/YATO-main/YATO-EXPERMENTS/MRPC/acc0.8162_p0.8649_r0.4961_f0.6305.pth
2023-08-05 23:52:06,800 - /data/zqwang/Github-YATO/YATO-main/YATO-EXPERMENTS/bert_base_gelu_MRPC.config_seed10042_A - INFO - Save current best f model in file:/data/zqwang/Github-YATO/YATO-main/YATO-EXPERMENTS/MRPC/acc0.8162_p0.8649_r0.4961_f0.6305.pth
2023-08-05 23:52:06,803 - /data/zqwang/Github-YATO/YATO-main/YATO-EXPERMENTS/bert_base_gelu_MRPC.config_seed10042_A - INFO - Test: time: 1.86s, speed: 220.33st/s; acc: 0.8162, p: 0.8649, r: 0.4961, f: 0.6305, mcc: 0.5554 
2023-08-05 23:52:24,735 - /data/zqwang/Github-YATO/YATO-main/YATO-EXPERMENTS/bert_base_gelu_MRPC.config_seed10042_A - INFO -      Instance: 2000; Time: 17.93s; loss: 42.1033;
2023-08-05 23:52:39,480 - /data/zqwang/Github-YATO/YATO-main/YATO-EXPERMENTS/bert_base_gelu_MRPC.config_seed10042_A - INFO - Dev: time: 1.86s speed: 220.21st/s; acc: 0.8505; f: 0.7766; mcc: 0.6670 
2023-08-05 23:52:41,360 - /data/zqwang/Github-YATO/YATO-main/YATO-EXPERMENTS/bert_base_gelu_MRPC.config_seed10042_A - INFO - Save current best acc model in file:/data/zqwang/Github-YATO/YATO-main/YATO-EXPERMENTS/MRPC/acc0.8505_p0.7361_r0.8217_f0.7766.pth
2023-08-05 23:52:42,309 - /data/zqwang/Github-YATO/YATO-main/YATO-EXPERMENTS/bert_base_gelu_MRPC.config_seed10042_A - INFO - Save current best f model in file:/data/zqwang/Github-YATO/YATO-main/YATO-EXPERMENTS/MRPC/acc0.8505_p0.7361_r0.8217_f0.7766.pth
2023-08-05 23:52:42,312 - /data/zqwang/Github-YATO/YATO-main/YATO-EXPERMENTS/bert_base_gelu_MRPC.config_seed10042_A - INFO - Test: time: 1.88s, speed: 217.97st/s; acc: 0.8505, p: 0.7361, r: 0.8217, f: 0.7766, mcc: 0.6670 
2023-08-05 23:52:58,001 - /data/zqwang/Github-YATO/YATO-main/YATO-EXPERMENTS/bert_base_gelu_MRPC.config_seed10042_A - INFO -      Instance: 2000; Time: 15.69s; loss: 26.1018;
2023-08-05 23:53:12,535 - /data/zqwang/Github-YATO/YATO-main/YATO-EXPERMENTS/bert_base_gelu_MRPC.config_seed10042_A - INFO - Dev: time: 1.85s speed: 221.43st/s; acc: 0.8529; f: 0.7368; mcc: 0.6480 
2023-08-05 23:53:14,677 - /data/zqwang/Github-YATO/YATO-main/YATO-EXPERMENTS/bert_base_gelu_MRPC.config_seed10042_A - INFO - Save current best acc model in file:/data/zqwang/Github-YATO/YATO-main/YATO-EXPERMENTS/MRPC/acc0.8529_p0.8485_r0.6512_f0.7368.pth
2023-08-05 23:53:15,641 - /data/zqwang/Github-YATO/YATO-main/YATO-EXPERMENTS/bert_base_gelu_MRPC.config_seed10042_A - INFO - Test: time: 2.14s, speed: 191.34st/s; acc: 0.8529, p: 0.8485, r: 0.6512, f: 0.7368, mcc: 0.6480 
2023-08-05 23:53:33,054 - /data/zqwang/Github-YATO/YATO-main/YATO-EXPERMENTS/bert_base_gelu_MRPC.config_seed10042_A - INFO -      Instance: 2000; Time: 17.41s; loss: 13.8759;
2023-08-05 23:53:47,883 - /data/zqwang/Github-YATO/YATO-main/YATO-EXPERMENTS/bert_base_gelu_MRPC.config_seed10042_A - INFO - Dev: time: 1.85s speed: 221.09st/s; acc: 0.8578; f: 0.7563; mcc: 0.6616 
2023-08-05 23:53:49,756 - /data/zqwang/Github-YATO/YATO-main/YATO-EXPERMENTS/bert_base_gelu_MRPC.config_seed10042_A - INFO - Save current best acc model in file:/data/zqwang/Github-YATO/YATO-main/YATO-EXPERMENTS/MRPC/acc0.8578_p0.8257_r0.6977_f0.7563.pth
2023-08-05 23:53:50,710 - /data/zqwang/Github-YATO/YATO-main/YATO-EXPERMENTS/bert_base_gelu_MRPC.config_seed10042_A - INFO - Test: time: 1.87s, speed: 218.78st/s; acc: 0.8578, p: 0.8257, r: 0.6977, f: 0.7563, mcc: 0.6616 
2023-08-05 23:54:05,811 - /data/zqwang/Github-YATO/YATO-main/YATO-EXPERMENTS/bert_base_gelu_MRPC.config_seed10042_A - INFO -      Instance: 2000; Time: 15.10s; loss: 7.5375;
2023-08-05 23:54:21,141 - /data/zqwang/Github-YATO/YATO-main/YATO-EXPERMENTS/bert_base_gelu_MRPC.config_seed10042_A - INFO - Dev: time: 1.86s speed: 220.54st/s; acc: 0.8529; f: 0.7521; mcc: 0.6511 
2023-08-05 23:54:23,007 - /data/zqwang/Github-YATO/YATO-main/YATO-EXPERMENTS/bert_base_gelu_MRPC.config_seed10042_A - INFO - Test: time: 1.87s, speed: 219.64st/s; acc: 0.8529, p: 0.8053, r: 0.7054, f: 0.7521, mcc: 0.6511 
2023-08-05 23:54:23,008 - /data/zqwang/Github-YATO/YATO-main/YATO-EXPERMENTS/bert_base_gelu_MRPC.config_seed10042_A - INFO - Best Test Accuracy: 0.8578431372549019, Best Validation Accuracy: 0.8578431372549019, Best Test Accuracy Epoch: 3 
