2023-08-05 23:44:03,862 - /data/zqwang/Github-YATO/YATO-main/YATO-EXPERMENTS/bert_base_gelu_CoLA.config_seed10042_A - INFO - Training model...
2023-08-05 23:46:55,653 - /data/zqwang/Github-YATO/YATO-main/YATO-EXPERMENTS/bert_base_gelu_CoLA.config_seed10042_A - INFO -      Instance: 2000; Time: 8.97s; loss: 75.9162;
2023-08-05 23:47:04,507 - /data/zqwang/Github-YATO/YATO-main/YATO-EXPERMENTS/bert_base_gelu_CoLA.config_seed10042_A - INFO -      Instance: 4000; Time: 8.85s; loss: 62.5907;
2023-08-05 23:47:12,937 - /data/zqwang/Github-YATO/YATO-main/YATO-EXPERMENTS/bert_base_gelu_CoLA.config_seed10042_A - INFO -      Instance: 6000; Time: 8.43s; loss: 55.6407;
2023-08-05 23:47:22,076 - /data/zqwang/Github-YATO/YATO-main/YATO-EXPERMENTS/bert_base_gelu_CoLA.config_seed10042_A - INFO -      Instance: 8000; Time: 9.14s; loss: 54.6072;
2023-08-05 23:47:26,364 - /data/zqwang/Github-YATO/YATO-main/YATO-EXPERMENTS/bert_base_gelu_CoLA.config_seed10042_A - INFO - Dev: time: 1.67s speed: 627.11st/s; acc: 0.8217; f: 0.6491; mcc: 0.5599 
2023-08-05 23:47:27,939 - /data/zqwang/Github-YATO/YATO-main/YATO-EXPERMENTS/bert_base_gelu_CoLA.config_seed10042_A - INFO - Save current best acc model in file:/data/zqwang/Github-YATO/YATO-main/YATO-EXPERMENTS/MRPC/acc0.8217_p0.8269_r0.5342_f0.6491.pth
2023-08-05 23:47:28,828 - /data/zqwang/Github-YATO/YATO-main/YATO-EXPERMENTS/bert_base_gelu_CoLA.config_seed10042_A - INFO - Save current best f model in file:/data/zqwang/Github-YATO/YATO-main/YATO-EXPERMENTS/MRPC/acc0.8217_p0.8269_r0.5342_f0.6491.pth
2023-08-05 23:47:28,830 - /data/zqwang/Github-YATO/YATO-main/YATO-EXPERMENTS/bert_base_gelu_CoLA.config_seed10042_A - INFO - Test: time: 1.57s, speed: 666.74st/s; acc: 0.8217, p: 0.8269, r: 0.5342, f: 0.6491, mcc: 0.5599 
2023-08-05 23:47:37,318 - /data/zqwang/Github-YATO/YATO-main/YATO-EXPERMENTS/bert_base_gelu_CoLA.config_seed10042_A - INFO -      Instance: 2000; Time: 8.49s; loss: 35.5418;
2023-08-05 23:47:45,970 - /data/zqwang/Github-YATO/YATO-main/YATO-EXPERMENTS/bert_base_gelu_CoLA.config_seed10042_A - INFO -      Instance: 4000; Time: 8.65s; loss: 35.1310;
2023-08-05 23:47:54,188 - /data/zqwang/Github-YATO/YATO-main/YATO-EXPERMENTS/bert_base_gelu_CoLA.config_seed10042_A - INFO -      Instance: 6000; Time: 8.22s; loss: 33.0529;
2023-08-05 23:48:02,432 - /data/zqwang/Github-YATO/YATO-main/YATO-EXPERMENTS/bert_base_gelu_CoLA.config_seed10042_A - INFO -      Instance: 8000; Time: 8.24s; loss: 35.0908;
2023-08-05 23:48:06,474 - /data/zqwang/Github-YATO/YATO-main/YATO-EXPERMENTS/bert_base_gelu_CoLA.config_seed10042_A - INFO - Dev: time: 1.57s speed: 666.16st/s; acc: 0.8274; f: 0.6654; mcc: 0.5752 
2023-08-05 23:48:08,139 - /data/zqwang/Github-YATO/YATO-main/YATO-EXPERMENTS/bert_base_gelu_CoLA.config_seed10042_A - INFO - Save current best acc model in file:/data/zqwang/Github-YATO/YATO-main/YATO-EXPERMENTS/MRPC/acc0.8274_p0.8287_r0.5559_f0.6654.pth
2023-08-05 23:48:09,028 - /data/zqwang/Github-YATO/YATO-main/YATO-EXPERMENTS/bert_base_gelu_CoLA.config_seed10042_A - INFO - Save current best f model in file:/data/zqwang/Github-YATO/YATO-main/YATO-EXPERMENTS/MRPC/acc0.8274_p0.8287_r0.5559_f0.6654.pth
2023-08-05 23:48:09,030 - /data/zqwang/Github-YATO/YATO-main/YATO-EXPERMENTS/bert_base_gelu_CoLA.config_seed10042_A - INFO - Test: time: 1.66s, speed: 630.70st/s; acc: 0.8274, p: 0.8287, r: 0.5559, f: 0.6654, mcc: 0.5752 
2023-08-05 23:48:17,695 - /data/zqwang/Github-YATO/YATO-main/YATO-EXPERMENTS/bert_base_gelu_CoLA.config_seed10042_A - INFO -      Instance: 2000; Time: 8.66s; loss: 21.2901;
2023-08-05 23:48:26,453 - /data/zqwang/Github-YATO/YATO-main/YATO-EXPERMENTS/bert_base_gelu_CoLA.config_seed10042_A - INFO -      Instance: 4000; Time: 8.76s; loss: 20.4220;
2023-08-05 23:48:34,940 - /data/zqwang/Github-YATO/YATO-main/YATO-EXPERMENTS/bert_base_gelu_CoLA.config_seed10042_A - INFO -      Instance: 6000; Time: 8.49s; loss: 19.4809;
2023-08-05 23:48:43,653 - /data/zqwang/Github-YATO/YATO-main/YATO-EXPERMENTS/bert_base_gelu_CoLA.config_seed10042_A - INFO -      Instance: 8000; Time: 8.71s; loss: 22.8961;
2023-08-05 23:48:47,760 - /data/zqwang/Github-YATO/YATO-main/YATO-EXPERMENTS/bert_base_gelu_CoLA.config_seed10042_A - INFO - Dev: time: 1.59s speed: 659.78st/s; acc: 0.8284; f: 0.6865; mcc: 0.5800 
2023-08-05 23:48:49,334 - /data/zqwang/Github-YATO/YATO-main/YATO-EXPERMENTS/bert_base_gelu_CoLA.config_seed10042_A - INFO - Save current best acc model in file:/data/zqwang/Github-YATO/YATO-main/YATO-EXPERMENTS/MRPC/acc0.8284_p0.7871_r0.6087_f0.6865.pth
2023-08-05 23:48:50,240 - /data/zqwang/Github-YATO/YATO-main/YATO-EXPERMENTS/bert_base_gelu_CoLA.config_seed10042_A - INFO - Save current best f model in file:/data/zqwang/Github-YATO/YATO-main/YATO-EXPERMENTS/MRPC/acc0.8284_p0.7871_r0.6087_f0.6865.pth
2023-08-05 23:48:50,242 - /data/zqwang/Github-YATO/YATO-main/YATO-EXPERMENTS/bert_base_gelu_CoLA.config_seed10042_A - INFO - Test: time: 1.57s, speed: 666.48st/s; acc: 0.8284, p: 0.7871, r: 0.6087, f: 0.6865, mcc: 0.5800 
2023-08-05 23:48:50,245 - /data/zqwang/Github-YATO/YATO-main/YATO-EXPERMENTS/bert_base_gelu_CoLA.config_seed10042_A - INFO - Best Test Accuracy: 0.8283796740172579, Best Validation Accuracy: 0.8283796740172579, Best Test Accuracy Epoch: 2 
