2023-08-05 16:39:08,073 - /data/zqwang/Github-YATO/YATO-main/YATO-EXPERMENTS/bert_base_gelu_QNLI.config_seed10042_A - INFO - Training model...
2023-08-05 16:42:16,070 - /data/zqwang/Github-YATO/YATO-main/YATO-EXPERMENTS/bert_base_gelu_QNLI.config_seed10042_A - INFO -      Instance: 2000; Time: 17.06s; loss: 90.3180;
2023-08-05 16:42:31,978 - /data/zqwang/Github-YATO/YATO-main/YATO-EXPERMENTS/bert_base_gelu_QNLI.config_seed10042_A - INFO -      Instance: 4000; Time: 15.91s; loss: 72.3472;
2023-08-05 16:42:47,451 - /data/zqwang/Github-YATO/YATO-main/YATO-EXPERMENTS/bert_base_gelu_QNLI.config_seed10042_A - INFO -      Instance: 6000; Time: 15.47s; loss: 66.4589;
2023-08-05 16:43:02,581 - /data/zqwang/Github-YATO/YATO-main/YATO-EXPERMENTS/bert_base_gelu_QNLI.config_seed10042_A - INFO -      Instance: 8000; Time: 15.13s; loss: 60.8855;
2023-08-05 16:43:17,961 - /data/zqwang/Github-YATO/YATO-main/YATO-EXPERMENTS/bert_base_gelu_QNLI.config_seed10042_A - INFO -      Instance: 10000; Time: 15.38s; loss: 54.2149;
2023-08-05 16:43:33,756 - /data/zqwang/Github-YATO/YATO-main/YATO-EXPERMENTS/bert_base_gelu_QNLI.config_seed10042_A - INFO -      Instance: 12000; Time: 15.80s; loss: 56.4639;
2023-08-05 16:43:49,307 - /data/zqwang/Github-YATO/YATO-main/YATO-EXPERMENTS/bert_base_gelu_QNLI.config_seed10042_A - INFO -      Instance: 14000; Time: 15.55s; loss: 55.9332;
2023-08-05 16:44:05,993 - /data/zqwang/Github-YATO/YATO-main/YATO-EXPERMENTS/bert_base_gelu_QNLI.config_seed10042_A - INFO -      Instance: 16000; Time: 16.69s; loss: 55.3709;
2023-08-05 16:44:23,582 - /data/zqwang/Github-YATO/YATO-main/YATO-EXPERMENTS/bert_base_gelu_QNLI.config_seed10042_A - INFO -      Instance: 18000; Time: 17.59s; loss: 53.5168;
2023-08-05 16:44:38,498 - /data/zqwang/Github-YATO/YATO-main/YATO-EXPERMENTS/bert_base_gelu_QNLI.config_seed10042_A - INFO -      Instance: 20000; Time: 14.92s; loss: 52.3644;
2023-08-05 16:44:54,329 - /data/zqwang/Github-YATO/YATO-main/YATO-EXPERMENTS/bert_base_gelu_QNLI.config_seed10042_A - INFO -      Instance: 22000; Time: 15.83s; loss: 49.6384;
2023-08-05 16:45:10,392 - /data/zqwang/Github-YATO/YATO-main/YATO-EXPERMENTS/bert_base_gelu_QNLI.config_seed10042_A - INFO -      Instance: 24000; Time: 16.06s; loss: 53.3696;
2023-08-05 16:45:26,358 - /data/zqwang/Github-YATO/YATO-main/YATO-EXPERMENTS/bert_base_gelu_QNLI.config_seed10042_A - INFO -      Instance: 26000; Time: 15.97s; loss: 51.3803;
2023-08-05 16:45:41,742 - /data/zqwang/Github-YATO/YATO-main/YATO-EXPERMENTS/bert_base_gelu_QNLI.config_seed10042_A - INFO -      Instance: 28000; Time: 15.38s; loss: 53.1283;
2023-08-05 16:45:57,081 - /data/zqwang/Github-YATO/YATO-main/YATO-EXPERMENTS/bert_base_gelu_QNLI.config_seed10042_A - INFO -      Instance: 30000; Time: 15.34s; loss: 49.3716;
2023-08-05 16:46:12,049 - /data/zqwang/Github-YATO/YATO-main/YATO-EXPERMENTS/bert_base_gelu_QNLI.config_seed10042_A - INFO -      Instance: 32000; Time: 14.97s; loss: 49.8572;
2023-08-05 16:46:27,592 - /data/zqwang/Github-YATO/YATO-main/YATO-EXPERMENTS/bert_base_gelu_QNLI.config_seed10042_A - INFO -      Instance: 34000; Time: 15.54s; loss: 48.8784;
2023-08-05 16:46:43,364 - /data/zqwang/Github-YATO/YATO-main/YATO-EXPERMENTS/bert_base_gelu_QNLI.config_seed10042_A - INFO -      Instance: 36000; Time: 15.77s; loss: 50.7844;
2023-08-05 16:46:58,641 - /data/zqwang/Github-YATO/YATO-main/YATO-EXPERMENTS/bert_base_gelu_QNLI.config_seed10042_A - INFO -      Instance: 38000; Time: 15.28s; loss: 48.7906;
2023-08-05 16:47:13,618 - /data/zqwang/Github-YATO/YATO-main/YATO-EXPERMENTS/bert_base_gelu_QNLI.config_seed10042_A - INFO -      Instance: 40000; Time: 14.98s; loss: 45.4844;
2023-08-05 16:47:28,595 - /data/zqwang/Github-YATO/YATO-main/YATO-EXPERMENTS/bert_base_gelu_QNLI.config_seed10042_A - INFO -      Instance: 42000; Time: 14.98s; loss: 49.7106;
2023-08-05 16:47:44,895 - /data/zqwang/Github-YATO/YATO-main/YATO-EXPERMENTS/bert_base_gelu_QNLI.config_seed10042_A - INFO -      Instance: 44000; Time: 16.30s; loss: 51.4715;
2023-08-05 16:48:02,156 - /data/zqwang/Github-YATO/YATO-main/YATO-EXPERMENTS/bert_base_gelu_QNLI.config_seed10042_A - INFO -      Instance: 46000; Time: 17.26s; loss: 46.0745;
2023-08-05 16:48:17,125 - /data/zqwang/Github-YATO/YATO-main/YATO-EXPERMENTS/bert_base_gelu_QNLI.config_seed10042_A - INFO -      Instance: 48000; Time: 14.97s; loss: 48.5405;
2023-08-05 16:48:32,504 - /data/zqwang/Github-YATO/YATO-main/YATO-EXPERMENTS/bert_base_gelu_QNLI.config_seed10042_A - INFO -      Instance: 50000; Time: 15.38s; loss: 47.8450;
2023-08-05 16:48:47,520 - /data/zqwang/Github-YATO/YATO-main/YATO-EXPERMENTS/bert_base_gelu_QNLI.config_seed10042_A - INFO -      Instance: 52000; Time: 15.02s; loss: 43.9165;
2023-08-05 16:49:02,215 - /data/zqwang/Github-YATO/YATO-main/YATO-EXPERMENTS/bert_base_gelu_QNLI.config_seed10042_A - INFO -      Instance: 54000; Time: 14.70s; loss: 47.6010;
2023-08-05 16:49:18,264 - /data/zqwang/Github-YATO/YATO-main/YATO-EXPERMENTS/bert_base_gelu_QNLI.config_seed10042_A - INFO -      Instance: 56000; Time: 16.05s; loss: 47.1224;
2023-08-05 16:49:33,641 - /data/zqwang/Github-YATO/YATO-main/YATO-EXPERMENTS/bert_base_gelu_QNLI.config_seed10042_A - INFO -      Instance: 58000; Time: 15.38s; loss: 47.6212;
2023-08-05 16:49:48,867 - /data/zqwang/Github-YATO/YATO-main/YATO-EXPERMENTS/bert_base_gelu_QNLI.config_seed10042_A - INFO -      Instance: 60000; Time: 15.23s; loss: 44.0203;
2023-08-05 16:50:03,921 - /data/zqwang/Github-YATO/YATO-main/YATO-EXPERMENTS/bert_base_gelu_QNLI.config_seed10042_A - INFO -      Instance: 62000; Time: 15.05s; loss: 44.2857;
2023-08-05 16:50:19,151 - /data/zqwang/Github-YATO/YATO-main/YATO-EXPERMENTS/bert_base_gelu_QNLI.config_seed10042_A - INFO -      Instance: 64000; Time: 15.23s; loss: 43.8156;
2023-08-05 16:50:36,518 - /data/zqwang/Github-YATO/YATO-main/YATO-EXPERMENTS/bert_base_gelu_QNLI.config_seed10042_A - INFO -      Instance: 66000; Time: 17.37s; loss: 44.6354;
2023-08-05 16:50:52,716 - /data/zqwang/Github-YATO/YATO-main/YATO-EXPERMENTS/bert_base_gelu_QNLI.config_seed10042_A - INFO -      Instance: 68000; Time: 16.20s; loss: 42.1861;
2023-08-05 16:51:07,905 - /data/zqwang/Github-YATO/YATO-main/YATO-EXPERMENTS/bert_base_gelu_QNLI.config_seed10042_A - INFO -      Instance: 70000; Time: 15.19s; loss: 42.9117;
2023-08-05 16:51:23,039 - /data/zqwang/Github-YATO/YATO-main/YATO-EXPERMENTS/bert_base_gelu_QNLI.config_seed10042_A - INFO -      Instance: 72000; Time: 15.13s; loss: 42.5951;
2023-08-05 16:51:40,343 - /data/zqwang/Github-YATO/YATO-main/YATO-EXPERMENTS/bert_base_gelu_QNLI.config_seed10042_A - INFO -      Instance: 74000; Time: 17.30s; loss: 42.8635;
2023-08-05 16:51:57,732 - /data/zqwang/Github-YATO/YATO-main/YATO-EXPERMENTS/bert_base_gelu_QNLI.config_seed10042_A - INFO -      Instance: 76000; Time: 17.39s; loss: 40.3333;
2023-08-05 16:52:14,015 - /data/zqwang/Github-YATO/YATO-main/YATO-EXPERMENTS/bert_base_gelu_QNLI.config_seed10042_A - INFO -      Instance: 78000; Time: 16.28s; loss: 46.6995;
2023-08-05 16:52:29,740 - /data/zqwang/Github-YATO/YATO-main/YATO-EXPERMENTS/bert_base_gelu_QNLI.config_seed10042_A - INFO -      Instance: 80000; Time: 15.72s; loss: 41.7935;
2023-08-05 16:52:44,897 - /data/zqwang/Github-YATO/YATO-main/YATO-EXPERMENTS/bert_base_gelu_QNLI.config_seed10042_A - INFO -      Instance: 82000; Time: 15.16s; loss: 39.7212;
2023-08-05 16:52:59,911 - /data/zqwang/Github-YATO/YATO-main/YATO-EXPERMENTS/bert_base_gelu_QNLI.config_seed10042_A - INFO -      Instance: 84000; Time: 15.01s; loss: 40.5604;
2023-08-05 16:53:15,728 - /data/zqwang/Github-YATO/YATO-main/YATO-EXPERMENTS/bert_base_gelu_QNLI.config_seed10042_A - INFO -      Instance: 86000; Time: 15.82s; loss: 41.5887;
2023-08-05 16:53:31,692 - /data/zqwang/Github-YATO/YATO-main/YATO-EXPERMENTS/bert_base_gelu_QNLI.config_seed10042_A - INFO -      Instance: 88000; Time: 15.96s; loss: 39.9540;
2023-08-05 16:53:47,811 - /data/zqwang/Github-YATO/YATO-main/YATO-EXPERMENTS/bert_base_gelu_QNLI.config_seed10042_A - INFO -      Instance: 90000; Time: 16.12s; loss: 43.4259;
2023-08-05 16:54:02,973 - /data/zqwang/Github-YATO/YATO-main/YATO-EXPERMENTS/bert_base_gelu_QNLI.config_seed10042_A - INFO -      Instance: 92000; Time: 15.16s; loss: 38.4652;
2023-08-05 16:54:18,748 - /data/zqwang/Github-YATO/YATO-main/YATO-EXPERMENTS/bert_base_gelu_QNLI.config_seed10042_A - INFO -      Instance: 94000; Time: 15.77s; loss: 41.8250;
2023-08-05 16:54:35,541 - /data/zqwang/Github-YATO/YATO-main/YATO-EXPERMENTS/bert_base_gelu_QNLI.config_seed10042_A - INFO -      Instance: 96000; Time: 16.79s; loss: 40.0093;
2023-08-05 16:54:50,821 - /data/zqwang/Github-YATO/YATO-main/YATO-EXPERMENTS/bert_base_gelu_QNLI.config_seed10042_A - INFO -      Instance: 98000; Time: 15.28s; loss: 39.2661;
2023-08-05 16:55:08,246 - /data/zqwang/Github-YATO/YATO-main/YATO-EXPERMENTS/bert_base_gelu_QNLI.config_seed10042_A - INFO -      Instance: 100000; Time: 17.43s; loss: 42.8972;
2023-08-05 16:55:23,954 - /data/zqwang/Github-YATO/YATO-main/YATO-EXPERMENTS/bert_base_gelu_QNLI.config_seed10042_A - INFO -      Instance: 102000; Time: 15.71s; loss: 36.6376;
2023-08-05 16:55:39,560 - /data/zqwang/Github-YATO/YATO-main/YATO-EXPERMENTS/bert_base_gelu_QNLI.config_seed10042_A - INFO -      Instance: 104000; Time: 15.61s; loss: 39.2357;
2023-08-05 16:56:14,410 - /data/zqwang/Github-YATO/YATO-main/YATO-EXPERMENTS/bert_base_gelu_QNLI.config_seed10042_A - INFO - Dev: time: 29.11s speed: 187.86st/s; acc: 0.8935; f: 0.8933; mcc: 0.7871 
2023-08-05 16:56:40,497 - /data/zqwang/Github-YATO/YATO-main/YATO-EXPERMENTS/bert_base_gelu_QNLI.config_seed10042_A - INFO - Save current best acc model in file:/data/zqwang/Github-YATO/YATO-main/YATO-EXPERMENTS/acc0.8935_p0.8852_r0.9016_f0.8933.pth
2023-08-05 16:56:41,462 - /data/zqwang/Github-YATO/YATO-main/YATO-EXPERMENTS/bert_base_gelu_QNLI.config_seed10042_A - INFO - Save current best f model in file:/data/zqwang/Github-YATO/YATO-main/YATO-EXPERMENTS/acc0.8935_p0.8852_r0.9016_f0.8933.pth
2023-08-05 16:56:41,463 - /data/zqwang/Github-YATO/YATO-main/YATO-EXPERMENTS/bert_base_gelu_QNLI.config_seed10042_A - INFO - Test: time: 26.09s, speed: 209.70st/s; acc: 0.8935, p: 0.8852, r: 0.9016, f: 0.8933, mcc: 0.7871 
2023-08-05 16:56:56,666 - /data/zqwang/Github-YATO/YATO-main/YATO-EXPERMENTS/bert_base_gelu_QNLI.config_seed10042_A - INFO -      Instance: 2000; Time: 15.20s; loss: 31.6107;
2023-08-05 16:57:12,010 - /data/zqwang/Github-YATO/YATO-main/YATO-EXPERMENTS/bert_base_gelu_QNLI.config_seed10042_A - INFO -      Instance: 4000; Time: 15.34s; loss: 31.0784;
2023-08-05 16:57:27,246 - /data/zqwang/Github-YATO/YATO-main/YATO-EXPERMENTS/bert_base_gelu_QNLI.config_seed10042_A - INFO -      Instance: 6000; Time: 15.24s; loss: 30.3380;
2023-08-05 16:57:42,459 - /data/zqwang/Github-YATO/YATO-main/YATO-EXPERMENTS/bert_base_gelu_QNLI.config_seed10042_A - INFO -      Instance: 8000; Time: 15.21s; loss: 27.6785;
2023-08-05 16:57:58,475 - /data/zqwang/Github-YATO/YATO-main/YATO-EXPERMENTS/bert_base_gelu_QNLI.config_seed10042_A - INFO -      Instance: 10000; Time: 16.02s; loss: 27.6826;
2023-08-05 16:58:13,289 - /data/zqwang/Github-YATO/YATO-main/YATO-EXPERMENTS/bert_base_gelu_QNLI.config_seed10042_A - INFO -      Instance: 12000; Time: 14.81s; loss: 30.9299;
2023-08-05 16:58:28,778 - /data/zqwang/Github-YATO/YATO-main/YATO-EXPERMENTS/bert_base_gelu_QNLI.config_seed10042_A - INFO -      Instance: 14000; Time: 15.49s; loss: 27.6943;
2023-08-05 16:58:44,446 - /data/zqwang/Github-YATO/YATO-main/YATO-EXPERMENTS/bert_base_gelu_QNLI.config_seed10042_A - INFO -      Instance: 16000; Time: 15.67s; loss: 29.9588;
2023-08-05 16:59:02,425 - /data/zqwang/Github-YATO/YATO-main/YATO-EXPERMENTS/bert_base_gelu_QNLI.config_seed10042_A - INFO -      Instance: 18000; Time: 17.98s; loss: 29.7893;
2023-08-05 16:59:19,664 - /data/zqwang/Github-YATO/YATO-main/YATO-EXPERMENTS/bert_base_gelu_QNLI.config_seed10042_A - INFO -      Instance: 20000; Time: 17.24s; loss: 30.6213;
2023-08-05 16:59:37,412 - /data/zqwang/Github-YATO/YATO-main/YATO-EXPERMENTS/bert_base_gelu_QNLI.config_seed10042_A - INFO -      Instance: 22000; Time: 17.75s; loss: 30.2756;
2023-08-05 16:59:54,213 - /data/zqwang/Github-YATO/YATO-main/YATO-EXPERMENTS/bert_base_gelu_QNLI.config_seed10042_A - INFO -      Instance: 24000; Time: 16.80s; loss: 28.3042;
2023-08-05 17:00:11,047 - /data/zqwang/Github-YATO/YATO-main/YATO-EXPERMENTS/bert_base_gelu_QNLI.config_seed10042_A - INFO -      Instance: 26000; Time: 16.83s; loss: 31.0806;
2023-08-05 17:00:27,161 - /data/zqwang/Github-YATO/YATO-main/YATO-EXPERMENTS/bert_base_gelu_QNLI.config_seed10042_A - INFO -      Instance: 28000; Time: 16.11s; loss: 28.4582;
2023-08-05 17:00:42,662 - /data/zqwang/Github-YATO/YATO-main/YATO-EXPERMENTS/bert_base_gelu_QNLI.config_seed10042_A - INFO -      Instance: 30000; Time: 15.50s; loss: 26.3843;
2023-08-05 17:00:57,868 - /data/zqwang/Github-YATO/YATO-main/YATO-EXPERMENTS/bert_base_gelu_QNLI.config_seed10042_A - INFO -      Instance: 32000; Time: 15.21s; loss: 27.8112;
2023-08-05 17:01:12,783 - /data/zqwang/Github-YATO/YATO-main/YATO-EXPERMENTS/bert_base_gelu_QNLI.config_seed10042_A - INFO -      Instance: 34000; Time: 14.92s; loss: 30.3965;
2023-08-05 17:01:28,238 - /data/zqwang/Github-YATO/YATO-main/YATO-EXPERMENTS/bert_base_gelu_QNLI.config_seed10042_A - INFO -      Instance: 36000; Time: 15.46s; loss: 28.8600;
2023-08-05 17:01:43,644 - /data/zqwang/Github-YATO/YATO-main/YATO-EXPERMENTS/bert_base_gelu_QNLI.config_seed10042_A - INFO -      Instance: 38000; Time: 15.41s; loss: 28.4032;
2023-08-05 17:01:58,742 - /data/zqwang/Github-YATO/YATO-main/YATO-EXPERMENTS/bert_base_gelu_QNLI.config_seed10042_A - INFO -      Instance: 40000; Time: 15.10s; loss: 27.0702;
2023-08-05 17:02:14,493 - /data/zqwang/Github-YATO/YATO-main/YATO-EXPERMENTS/bert_base_gelu_QNLI.config_seed10042_A - INFO -      Instance: 42000; Time: 15.75s; loss: 29.2848;
2023-08-05 17:02:29,477 - /data/zqwang/Github-YATO/YATO-main/YATO-EXPERMENTS/bert_base_gelu_QNLI.config_seed10042_A - INFO -      Instance: 44000; Time: 14.98s; loss: 30.5155;
2023-08-05 17:02:44,798 - /data/zqwang/Github-YATO/YATO-main/YATO-EXPERMENTS/bert_base_gelu_QNLI.config_seed10042_A - INFO -      Instance: 46000; Time: 15.32s; loss: 27.8352;
2023-08-05 17:03:00,364 - /data/zqwang/Github-YATO/YATO-main/YATO-EXPERMENTS/bert_base_gelu_QNLI.config_seed10042_A - INFO -      Instance: 48000; Time: 15.57s; loss: 31.5834;
2023-08-05 17:03:16,022 - /data/zqwang/Github-YATO/YATO-main/YATO-EXPERMENTS/bert_base_gelu_QNLI.config_seed10042_A - INFO -      Instance: 50000; Time: 15.66s; loss: 28.8638;
2023-08-05 17:03:33,137 - /data/zqwang/Github-YATO/YATO-main/YATO-EXPERMENTS/bert_base_gelu_QNLI.config_seed10042_A - INFO -      Instance: 52000; Time: 17.12s; loss: 29.9027;
2023-08-05 17:03:48,356 - /data/zqwang/Github-YATO/YATO-main/YATO-EXPERMENTS/bert_base_gelu_QNLI.config_seed10042_A - INFO -      Instance: 54000; Time: 15.22s; loss: 28.3378;
2023-08-05 17:04:03,717 - /data/zqwang/Github-YATO/YATO-main/YATO-EXPERMENTS/bert_base_gelu_QNLI.config_seed10042_A - INFO -      Instance: 56000; Time: 15.36s; loss: 31.9921;
2023-08-05 17:04:18,757 - /data/zqwang/Github-YATO/YATO-main/YATO-EXPERMENTS/bert_base_gelu_QNLI.config_seed10042_A - INFO -      Instance: 58000; Time: 15.04s; loss: 28.5820;
2023-08-05 17:04:33,740 - /data/zqwang/Github-YATO/YATO-main/YATO-EXPERMENTS/bert_base_gelu_QNLI.config_seed10042_A - INFO -      Instance: 60000; Time: 14.98s; loss: 26.9353;
2023-08-05 17:04:49,308 - /data/zqwang/Github-YATO/YATO-main/YATO-EXPERMENTS/bert_base_gelu_QNLI.config_seed10042_A - INFO -      Instance: 62000; Time: 15.57s; loss: 27.6944;
2023-08-05 17:05:05,047 - /data/zqwang/Github-YATO/YATO-main/YATO-EXPERMENTS/bert_base_gelu_QNLI.config_seed10042_A - INFO -      Instance: 64000; Time: 15.74s; loss: 29.3217;
2023-08-05 17:05:20,435 - /data/zqwang/Github-YATO/YATO-main/YATO-EXPERMENTS/bert_base_gelu_QNLI.config_seed10042_A - INFO -      Instance: 66000; Time: 15.39s; loss: 30.8335;
2023-08-05 17:05:36,890 - /data/zqwang/Github-YATO/YATO-main/YATO-EXPERMENTS/bert_base_gelu_QNLI.config_seed10042_A - INFO -      Instance: 68000; Time: 16.45s; loss: 28.9342;
2023-08-05 17:05:54,503 - /data/zqwang/Github-YATO/YATO-main/YATO-EXPERMENTS/bert_base_gelu_QNLI.config_seed10042_A - INFO -      Instance: 70000; Time: 17.61s; loss: 28.7639;
2023-08-05 17:06:10,615 - /data/zqwang/Github-YATO/YATO-main/YATO-EXPERMENTS/bert_base_gelu_QNLI.config_seed10042_A - INFO -      Instance: 72000; Time: 16.11s; loss: 30.8784;
2023-08-05 17:06:26,431 - /data/zqwang/Github-YATO/YATO-main/YATO-EXPERMENTS/bert_base_gelu_QNLI.config_seed10042_A - INFO -      Instance: 74000; Time: 15.82s; loss: 28.5252;
2023-08-05 17:06:41,925 - /data/zqwang/Github-YATO/YATO-main/YATO-EXPERMENTS/bert_base_gelu_QNLI.config_seed10042_A - INFO -      Instance: 76000; Time: 15.49s; loss: 30.3088;
2023-08-05 17:06:57,701 - /data/zqwang/Github-YATO/YATO-main/YATO-EXPERMENTS/bert_base_gelu_QNLI.config_seed10042_A - INFO -      Instance: 78000; Time: 15.78s; loss: 26.4652;
2023-08-05 17:07:12,760 - /data/zqwang/Github-YATO/YATO-main/YATO-EXPERMENTS/bert_base_gelu_QNLI.config_seed10042_A - INFO -      Instance: 80000; Time: 15.06s; loss: 29.1324;
2023-08-05 17:07:27,505 - /data/zqwang/Github-YATO/YATO-main/YATO-EXPERMENTS/bert_base_gelu_QNLI.config_seed10042_A - INFO -      Instance: 82000; Time: 14.75s; loss: 26.8296;
2023-08-05 17:07:42,652 - /data/zqwang/Github-YATO/YATO-main/YATO-EXPERMENTS/bert_base_gelu_QNLI.config_seed10042_A - INFO -      Instance: 84000; Time: 15.15s; loss: 31.0202;
2023-08-05 17:07:57,344 - /data/zqwang/Github-YATO/YATO-main/YATO-EXPERMENTS/bert_base_gelu_QNLI.config_seed10042_A - INFO -      Instance: 86000; Time: 14.69s; loss: 27.2250;
2023-08-05 17:08:12,394 - /data/zqwang/Github-YATO/YATO-main/YATO-EXPERMENTS/bert_base_gelu_QNLI.config_seed10042_A - INFO -      Instance: 88000; Time: 15.05s; loss: 28.8090;
2023-08-05 17:08:27,441 - /data/zqwang/Github-YATO/YATO-main/YATO-EXPERMENTS/bert_base_gelu_QNLI.config_seed10042_A - INFO -      Instance: 90000; Time: 15.05s; loss: 28.5923;
2023-08-05 17:08:42,726 - /data/zqwang/Github-YATO/YATO-main/YATO-EXPERMENTS/bert_base_gelu_QNLI.config_seed10042_A - INFO -      Instance: 92000; Time: 15.29s; loss: 29.7004;
2023-08-05 17:08:57,510 - /data/zqwang/Github-YATO/YATO-main/YATO-EXPERMENTS/bert_base_gelu_QNLI.config_seed10042_A - INFO -      Instance: 94000; Time: 14.78s; loss: 25.9377;
2023-08-05 17:09:12,457 - /data/zqwang/Github-YATO/YATO-main/YATO-EXPERMENTS/bert_base_gelu_QNLI.config_seed10042_A - INFO -      Instance: 96000; Time: 14.95s; loss: 25.5764;
2023-08-05 17:09:27,293 - /data/zqwang/Github-YATO/YATO-main/YATO-EXPERMENTS/bert_base_gelu_QNLI.config_seed10042_A - INFO -      Instance: 98000; Time: 14.84s; loss: 27.6026;
2023-08-05 17:09:42,844 - /data/zqwang/Github-YATO/YATO-main/YATO-EXPERMENTS/bert_base_gelu_QNLI.config_seed10042_A - INFO -      Instance: 100000; Time: 15.55s; loss: 30.5560;
2023-08-05 17:09:58,257 - /data/zqwang/Github-YATO/YATO-main/YATO-EXPERMENTS/bert_base_gelu_QNLI.config_seed10042_A - INFO -      Instance: 102000; Time: 15.41s; loss: 27.2839;
2023-08-05 17:10:15,308 - /data/zqwang/Github-YATO/YATO-main/YATO-EXPERMENTS/bert_base_gelu_QNLI.config_seed10042_A - INFO -      Instance: 104000; Time: 17.05s; loss: 29.6634;
2023-08-05 17:10:48,867 - /data/zqwang/Github-YATO/YATO-main/YATO-EXPERMENTS/bert_base_gelu_QNLI.config_seed10042_A - INFO - Dev: time: 27.96s speed: 195.65st/s; acc: 0.8993; f: 0.9011; mcc: 0.8001 
2023-08-05 17:11:19,220 - /data/zqwang/Github-YATO/YATO-main/YATO-EXPERMENTS/bert_base_gelu_QNLI.config_seed10042_A - INFO - Save current best acc model in file:/data/zqwang/Github-YATO/YATO-main/YATO-EXPERMENTS/acc0.8993_p0.8765_r0.9271_f0.9011.pth
2023-08-05 17:11:20,177 - /data/zqwang/Github-YATO/YATO-main/YATO-EXPERMENTS/bert_base_gelu_QNLI.config_seed10042_A - INFO - Save current best f model in file:/data/zqwang/Github-YATO/YATO-main/YATO-EXPERMENTS/acc0.8993_p0.8765_r0.9271_f0.9011.pth
2023-08-05 17:11:20,179 - /data/zqwang/Github-YATO/YATO-main/YATO-EXPERMENTS/bert_base_gelu_QNLI.config_seed10042_A - INFO - Test: time: 30.35s, speed: 180.19st/s; acc: 0.8993, p: 0.8765, r: 0.9271, f: 0.9011, mcc: 0.8001 
2023-08-05 17:11:36,805 - /data/zqwang/Github-YATO/YATO-main/YATO-EXPERMENTS/bert_base_gelu_QNLI.config_seed10042_A - INFO -      Instance: 2000; Time: 16.62s; loss: 18.2647;
2023-08-05 17:11:52,579 - /data/zqwang/Github-YATO/YATO-main/YATO-EXPERMENTS/bert_base_gelu_QNLI.config_seed10042_A - INFO -      Instance: 4000; Time: 15.77s; loss: 18.3740;
2023-08-05 17:12:09,138 - /data/zqwang/Github-YATO/YATO-main/YATO-EXPERMENTS/bert_base_gelu_QNLI.config_seed10042_A - INFO -      Instance: 6000; Time: 16.56s; loss: 18.0512;
2023-08-05 17:12:27,206 - /data/zqwang/Github-YATO/YATO-main/YATO-EXPERMENTS/bert_base_gelu_QNLI.config_seed10042_A - INFO -      Instance: 8000; Time: 18.07s; loss: 21.2123;
2023-08-05 17:12:43,695 - /data/zqwang/Github-YATO/YATO-main/YATO-EXPERMENTS/bert_base_gelu_QNLI.config_seed10042_A - INFO -      Instance: 10000; Time: 16.49s; loss: 18.4776;
2023-08-05 17:12:59,414 - /data/zqwang/Github-YATO/YATO-main/YATO-EXPERMENTS/bert_base_gelu_QNLI.config_seed10042_A - INFO -      Instance: 12000; Time: 15.72s; loss: 17.5027;
2023-08-05 17:13:14,848 - /data/zqwang/Github-YATO/YATO-main/YATO-EXPERMENTS/bert_base_gelu_QNLI.config_seed10042_A - INFO -      Instance: 14000; Time: 15.43s; loss: 19.7617;
2023-08-05 17:13:29,987 - /data/zqwang/Github-YATO/YATO-main/YATO-EXPERMENTS/bert_base_gelu_QNLI.config_seed10042_A - INFO -      Instance: 16000; Time: 15.14s; loss: 20.8560;
2023-08-05 17:13:45,287 - /data/zqwang/Github-YATO/YATO-main/YATO-EXPERMENTS/bert_base_gelu_QNLI.config_seed10042_A - INFO -      Instance: 18000; Time: 15.30s; loss: 18.6053;
2023-08-05 17:14:00,487 - /data/zqwang/Github-YATO/YATO-main/YATO-EXPERMENTS/bert_base_gelu_QNLI.config_seed10042_A - INFO -      Instance: 20000; Time: 15.20s; loss: 16.1400;
2023-08-05 17:14:16,574 - /data/zqwang/Github-YATO/YATO-main/YATO-EXPERMENTS/bert_base_gelu_QNLI.config_seed10042_A - INFO -      Instance: 22000; Time: 16.09s; loss: 16.7543;
2023-08-05 17:14:31,798 - /data/zqwang/Github-YATO/YATO-main/YATO-EXPERMENTS/bert_base_gelu_QNLI.config_seed10042_A - INFO -      Instance: 24000; Time: 15.22s; loss: 17.9993;
2023-08-05 17:14:47,942 - /data/zqwang/Github-YATO/YATO-main/YATO-EXPERMENTS/bert_base_gelu_QNLI.config_seed10042_A - INFO -      Instance: 26000; Time: 16.14s; loss: 16.3382;
2023-08-05 17:15:03,908 - /data/zqwang/Github-YATO/YATO-main/YATO-EXPERMENTS/bert_base_gelu_QNLI.config_seed10042_A - INFO -      Instance: 28000; Time: 15.97s; loss: 21.4394;
2023-08-05 17:15:19,230 - /data/zqwang/Github-YATO/YATO-main/YATO-EXPERMENTS/bert_base_gelu_QNLI.config_seed10042_A - INFO -      Instance: 30000; Time: 15.32s; loss: 19.0309;
2023-08-05 17:15:34,929 - /data/zqwang/Github-YATO/YATO-main/YATO-EXPERMENTS/bert_base_gelu_QNLI.config_seed10042_A - INFO -      Instance: 32000; Time: 15.70s; loss: 21.9040;
2023-08-05 17:15:50,727 - /data/zqwang/Github-YATO/YATO-main/YATO-EXPERMENTS/bert_base_gelu_QNLI.config_seed10042_A - INFO -      Instance: 34000; Time: 15.80s; loss: 18.1935;
2023-08-05 17:16:06,586 - /data/zqwang/Github-YATO/YATO-main/YATO-EXPERMENTS/bert_base_gelu_QNLI.config_seed10042_A - INFO -      Instance: 36000; Time: 15.86s; loss: 18.4594;
2023-08-05 17:16:22,070 - /data/zqwang/Github-YATO/YATO-main/YATO-EXPERMENTS/bert_base_gelu_QNLI.config_seed10042_A - INFO -      Instance: 38000; Time: 15.48s; loss: 17.9940;
2023-08-05 17:16:37,464 - /data/zqwang/Github-YATO/YATO-main/YATO-EXPERMENTS/bert_base_gelu_QNLI.config_seed10042_A - INFO -      Instance: 40000; Time: 15.39s; loss: 19.5771;
2023-08-05 17:16:52,765 - /data/zqwang/Github-YATO/YATO-main/YATO-EXPERMENTS/bert_base_gelu_QNLI.config_seed10042_A - INFO -      Instance: 42000; Time: 15.30s; loss: 19.0373;
2023-08-05 17:17:08,122 - /data/zqwang/Github-YATO/YATO-main/YATO-EXPERMENTS/bert_base_gelu_QNLI.config_seed10042_A - INFO -      Instance: 44000; Time: 15.36s; loss: 20.2303;
2023-08-05 17:17:24,948 - /data/zqwang/Github-YATO/YATO-main/YATO-EXPERMENTS/bert_base_gelu_QNLI.config_seed10042_A - INFO -      Instance: 46000; Time: 16.83s; loss: 20.3528;
2023-08-05 17:17:40,196 - /data/zqwang/Github-YATO/YATO-main/YATO-EXPERMENTS/bert_base_gelu_QNLI.config_seed10042_A - INFO -      Instance: 48000; Time: 15.25s; loss: 22.5826;
2023-08-05 17:17:55,493 - /data/zqwang/Github-YATO/YATO-main/YATO-EXPERMENTS/bert_base_gelu_QNLI.config_seed10042_A - INFO -      Instance: 50000; Time: 15.30s; loss: 21.0792;
2023-08-05 17:18:10,716 - /data/zqwang/Github-YATO/YATO-main/YATO-EXPERMENTS/bert_base_gelu_QNLI.config_seed10042_A - INFO -      Instance: 52000; Time: 15.22s; loss: 18.3639;
2023-08-05 17:18:26,416 - /data/zqwang/Github-YATO/YATO-main/YATO-EXPERMENTS/bert_base_gelu_QNLI.config_seed10042_A - INFO -      Instance: 54000; Time: 15.70s; loss: 19.7089;
2023-08-05 17:18:42,066 - /data/zqwang/Github-YATO/YATO-main/YATO-EXPERMENTS/bert_base_gelu_QNLI.config_seed10042_A - INFO -      Instance: 56000; Time: 15.65s; loss: 19.2871;
2023-08-05 17:18:57,651 - /data/zqwang/Github-YATO/YATO-main/YATO-EXPERMENTS/bert_base_gelu_QNLI.config_seed10042_A - INFO -      Instance: 58000; Time: 15.58s; loss: 18.9251;
2023-08-05 17:19:13,047 - /data/zqwang/Github-YATO/YATO-main/YATO-EXPERMENTS/bert_base_gelu_QNLI.config_seed10042_A - INFO -      Instance: 60000; Time: 15.40s; loss: 19.8669;
2023-08-05 17:19:27,940 - /data/zqwang/Github-YATO/YATO-main/YATO-EXPERMENTS/bert_base_gelu_QNLI.config_seed10042_A - INFO -      Instance: 62000; Time: 14.89s; loss: 23.0029;
2023-08-05 17:19:43,060 - /data/zqwang/Github-YATO/YATO-main/YATO-EXPERMENTS/bert_base_gelu_QNLI.config_seed10042_A - INFO -      Instance: 64000; Time: 15.12s; loss: 20.6222;
2023-08-05 17:19:57,846 - /data/zqwang/Github-YATO/YATO-main/YATO-EXPERMENTS/bert_base_gelu_QNLI.config_seed10042_A - INFO -      Instance: 66000; Time: 14.79s; loss: 20.4059;
2023-08-05 17:20:13,499 - /data/zqwang/Github-YATO/YATO-main/YATO-EXPERMENTS/bert_base_gelu_QNLI.config_seed10042_A - INFO -      Instance: 68000; Time: 15.65s; loss: 20.0316;
2023-08-05 17:20:29,193 - /data/zqwang/Github-YATO/YATO-main/YATO-EXPERMENTS/bert_base_gelu_QNLI.config_seed10042_A - INFO -      Instance: 70000; Time: 15.69s; loss: 19.1258;
2023-08-05 17:20:44,679 - /data/zqwang/Github-YATO/YATO-main/YATO-EXPERMENTS/bert_base_gelu_QNLI.config_seed10042_A - INFO -      Instance: 72000; Time: 15.49s; loss: 17.7713;
2023-08-05 17:21:01,012 - /data/zqwang/Github-YATO/YATO-main/YATO-EXPERMENTS/bert_base_gelu_QNLI.config_seed10042_A - INFO -      Instance: 74000; Time: 16.33s; loss: 19.3215;
2023-08-05 17:21:16,310 - /data/zqwang/Github-YATO/YATO-main/YATO-EXPERMENTS/bert_base_gelu_QNLI.config_seed10042_A - INFO -      Instance: 76000; Time: 15.30s; loss: 17.8133;
2023-08-05 17:21:32,033 - /data/zqwang/Github-YATO/YATO-main/YATO-EXPERMENTS/bert_base_gelu_QNLI.config_seed10042_A - INFO -      Instance: 78000; Time: 15.72s; loss: 20.7295;
2023-08-05 17:21:48,437 - /data/zqwang/Github-YATO/YATO-main/YATO-EXPERMENTS/bert_base_gelu_QNLI.config_seed10042_A - INFO -      Instance: 80000; Time: 16.40s; loss: 21.2749;
2023-08-05 17:22:03,468 - /data/zqwang/Github-YATO/YATO-main/YATO-EXPERMENTS/bert_base_gelu_QNLI.config_seed10042_A - INFO -      Instance: 82000; Time: 15.03s; loss: 21.1932;
2023-08-05 17:22:18,896 - /data/zqwang/Github-YATO/YATO-main/YATO-EXPERMENTS/bert_base_gelu_QNLI.config_seed10042_A - INFO -      Instance: 84000; Time: 15.43s; loss: 19.1171;
2023-08-05 17:22:34,642 - /data/zqwang/Github-YATO/YATO-main/YATO-EXPERMENTS/bert_base_gelu_QNLI.config_seed10042_A - INFO -      Instance: 86000; Time: 15.75s; loss: 18.8704;
2023-08-05 17:22:50,886 - /data/zqwang/Github-YATO/YATO-main/YATO-EXPERMENTS/bert_base_gelu_QNLI.config_seed10042_A - INFO -      Instance: 88000; Time: 16.24s; loss: 20.2029;
2023-08-05 17:23:06,149 - /data/zqwang/Github-YATO/YATO-main/YATO-EXPERMENTS/bert_base_gelu_QNLI.config_seed10042_A - INFO -      Instance: 90000; Time: 15.26s; loss: 20.2494;
2023-08-05 17:23:21,150 - /data/zqwang/Github-YATO/YATO-main/YATO-EXPERMENTS/bert_base_gelu_QNLI.config_seed10042_A - INFO -      Instance: 92000; Time: 15.00s; loss: 17.7511;
2023-08-05 17:23:36,261 - /data/zqwang/Github-YATO/YATO-main/YATO-EXPERMENTS/bert_base_gelu_QNLI.config_seed10042_A - INFO -      Instance: 94000; Time: 15.11s; loss: 20.0803;
2023-08-05 17:23:52,357 - /data/zqwang/Github-YATO/YATO-main/YATO-EXPERMENTS/bert_base_gelu_QNLI.config_seed10042_A - INFO -      Instance: 96000; Time: 16.10s; loss: 16.4163;
2023-08-05 17:24:09,481 - /data/zqwang/Github-YATO/YATO-main/YATO-EXPERMENTS/bert_base_gelu_QNLI.config_seed10042_A - INFO -      Instance: 98000; Time: 17.12s; loss: 17.6396;
2023-08-05 17:24:25,750 - /data/zqwang/Github-YATO/YATO-main/YATO-EXPERMENTS/bert_base_gelu_QNLI.config_seed10042_A - INFO -      Instance: 100000; Time: 16.27s; loss: 16.5276;
2023-08-05 17:24:42,742 - /data/zqwang/Github-YATO/YATO-main/YATO-EXPERMENTS/bert_base_gelu_QNLI.config_seed10042_A - INFO -      Instance: 102000; Time: 16.99s; loss: 20.0980;
2023-08-05 17:24:59,211 - /data/zqwang/Github-YATO/YATO-main/YATO-EXPERMENTS/bert_base_gelu_QNLI.config_seed10042_A - INFO -      Instance: 104000; Time: 16.47s; loss: 17.7897;
2023-08-05 17:25:32,784 - /data/zqwang/Github-YATO/YATO-main/YATO-EXPERMENTS/bert_base_gelu_QNLI.config_seed10042_A - INFO - Dev: time: 27.99s speed: 195.41st/s; acc: 0.9028; f: 0.9021; mcc: 0.8056 
2023-08-05 17:25:59,722 - /data/zqwang/Github-YATO/YATO-main/YATO-EXPERMENTS/bert_base_gelu_QNLI.config_seed10042_A - INFO - Save current best acc model in file:/data/zqwang/Github-YATO/YATO-main/YATO-EXPERMENTS/acc0.9028_p0.8986_r0.9056_f0.9021.pth
2023-08-05 17:26:00,680 - /data/zqwang/Github-YATO/YATO-main/YATO-EXPERMENTS/bert_base_gelu_QNLI.config_seed10042_A - INFO - Save current best f model in file:/data/zqwang/Github-YATO/YATO-main/YATO-EXPERMENTS/acc0.9028_p0.8986_r0.9056_f0.9021.pth
2023-08-05 17:26:00,682 - /data/zqwang/Github-YATO/YATO-main/YATO-EXPERMENTS/bert_base_gelu_QNLI.config_seed10042_A - INFO - Test: time: 26.94s, speed: 203.06st/s; acc: 0.9028, p: 0.8986, r: 0.9056, f: 0.9021, mcc: 0.8056 
2023-08-05 17:26:00,684 - /data/zqwang/Github-YATO/YATO-main/YATO-EXPERMENTS/bert_base_gelu_QNLI.config_seed10042_A - INFO - Best Test Accuracy: 0.9028006589785832, Best Validation Accuracy: 0.9028006589785832, Best Test Accuracy Epoch: 2 
